2025-07-24 10:54:22,779 [Worker-6: Loading available Gradle versions] INFO  o.e.b.c.i.u.g.PublishedGradleVersions - Gradle version information cache is up-to-date. Trying to read.
2025-07-24 11:00:35,929 [Worker-28: Import Getting Started Content] INFO  o.e.m.c.i.l.LifecycleMappingFactory - Using org.maven.ide.eclipse.wtp.WarLifecycleMapping lifecycle mapping for MavenProject: com.example:MeetYourNeed:0.0.1-SNAPSHOT @ D:\CDAC MY Project\FreeLance_Hub\backend\MeetYourNeed\pom.xml.
2025-07-24 11:00:37,611 [Worker-28: Import Getting Started Content] INFO  o.e.m.j.i.AbstractJavaProjectConfigurator - Adding source folder /MeetYourNeed/src/main/java
2025-07-24 11:00:37,613 [Worker-28: Import Getting Started Content] INFO  o.e.m.j.i.AbstractJavaProjectConfigurator - Adding resource folder /MeetYourNeed/src/main/resources
2025-07-24 11:00:37,618 [Worker-28: Import Getting Started Content] INFO  o.e.m.j.i.AbstractJavaProjectConfigurator - Adding resource folder /MeetYourNeed/src/main/resources
2025-07-24 11:00:37,621 [Worker-28: Import Getting Started Content] INFO  o.e.m.j.i.AbstractJavaProjectConfigurator - Adding source folder /MeetYourNeed/src/test/java
2025-07-24 11:00:37,623 [Worker-28: Import Getting Started Content] INFO  o.e.m.j.i.AbstractJavaProjectConfigurator - Adding resource folder /MeetYourNeed/src/test/resources
2025-07-24 11:00:40,867 [Worker-28: Import Getting Started Content] INFO  o.e.m.c.i.p.ProjectConfigurationManager - Imported and configured 1 project(s) in 7 sec
2025-07-24 11:00:40,871 [Worker-28: Import Getting Started Content] INFO  o.e.m.c.i.p.ProjectConfigurationManager - Update started
2025-07-24 11:00:41,237 [Worker-28: Import Getting Started Content] INFO  o.e.m.c.i.l.LifecycleMappingFactory - Using org.maven.ide.eclipse.wtp.WarLifecycleMapping lifecycle mapping for MavenProject: com.example:MeetYourNeed:0.0.1-SNAPSHOT @ D:\CDAC MY Project\FreeLance_Hub\backend\MeetYourNeed\pom.xml.
2025-07-24 11:00:41,963 [Worker-28: Import Getting Started Content] INFO  o.e.m.j.i.AbstractJavaProjectConfigurator - Adding source folder /MeetYourNeed/src/main/java
2025-07-24 11:00:41,964 [Worker-28: Import Getting Started Content] INFO  o.e.m.j.i.AbstractJavaProjectConfigurator - Adding resource folder /MeetYourNeed/src/main/resources
2025-07-24 11:00:41,965 [Worker-28: Import Getting Started Content] INFO  o.e.m.j.i.AbstractJavaProjectConfigurator - Adding resource folder /MeetYourNeed/src/main/resources
2025-07-24 11:00:41,965 [Worker-28: Import Getting Started Content] INFO  o.e.m.j.i.AbstractJavaProjectConfigurator - Adding source folder /MeetYourNeed/src/test/java
2025-07-24 11:00:41,966 [Worker-28: Import Getting Started Content] INFO  o.e.m.j.i.AbstractJavaProjectConfigurator - Adding resource folder /MeetYourNeed/src/test/resources
2025-07-24 11:00:43,379 [Worker-28: Import Getting Started Content] INFO  o.e.m.w.i.f.ResourceFilteringBuildParticipant - Cleaning filtered folder for MeetYourNeed
2025-07-24 11:00:43,406 [Worker-28: Import Getting Started Content] INFO  o.e.m.c.i.p.ProjectConfigurationManager - Update completed for 1 poms: local refresh takes 0.00 sec, refresh facades takes 1.00 sec, update config takes 0.00 sec 
2025-07-24 11:00:44,612 [Worker-30: Building] INFO  o.a.m.s.f.DefaultMavenResourcesFiltering - Copying 1 resource from src\main\resources to target\classes
2025-07-24 11:00:44,642 [Worker-30: Building] INFO  o.a.m.s.f.DefaultMavenResourcesFiltering - Copying 0 resource from src\main\resources to target\classes
2025-07-24 11:00:44,649 [Worker-30: Building] INFO  o.a.m.s.f.DefaultMavenResourcesFiltering - skip non existing resourceDirectory D:\CDAC MY Project\FreeLance_Hub\backend\MeetYourNeed\src\test\resources
2025-07-24 11:00:44,649 [Worker-30: Building] INFO  o.e.m.w.i.f.ResourceFilteringBuildParticipant - Changed resources require a complete clean of filtered resources of MeetYourNeed
2025-07-24 11:00:44,650 [Worker-30: Building] INFO  o.e.m.w.i.f.ResourceFilteringBuildParticipant - Executing resource filtering for MeetYourNeed
2025-07-24 11:07:27,282 [Worker-37: Building] INFO  o.a.m.s.f.DefaultMavenResourcesFiltering - Copying 1 resource from src\main\resources to target\classes
2025-07-24 11:07:27,292 [Worker-37: Building] INFO  o.a.m.s.f.DefaultMavenResourcesFiltering - Copying 0 resource from src\main\resources to target\classes
2025-07-24 11:07:27,301 [Worker-37: Building] INFO  o.a.m.s.f.DefaultMavenResourcesFiltering - skip non existing resourceDirectory D:\CDAC MY Project\FreeLance_Hub\backend\MeetYourNeed\src\test\resources
2025-07-24 11:12:09,599 [Worker-41: Building] INFO  o.a.m.s.f.DefaultMavenResourcesFiltering - Copying 1 resource from src\main\resources to target\classes
2025-07-24 11:12:09,608 [Worker-41: Building] INFO  o.a.m.s.f.DefaultMavenResourcesFiltering - Copying 0 resource from src\main\resources to target\classes
2025-07-24 11:12:09,619 [Worker-41: Building] INFO  o.a.m.s.f.DefaultMavenResourcesFiltering - skip non existing resourceDirectory D:\CDAC MY Project\FreeLance_Hub\backend\MeetYourNeed\src\test\resources
2025-07-24 11:15:55,430 [Worker-43: Building] INFO  o.a.m.s.f.DefaultMavenResourcesFiltering - Copying 1 resource from src\main\resources to target\classes
2025-07-24 11:15:55,439 [Worker-43: Building] INFO  o.a.m.s.f.DefaultMavenResourcesFiltering - Copying 0 resource from src\main\resources to target\classes
2025-07-24 11:15:55,449 [Worker-43: Building] INFO  o.a.m.s.f.DefaultMavenResourcesFiltering - skip non existing resourceDirectory D:\CDAC MY Project\FreeLance_Hub\backend\MeetYourNeed\src\test\resources
2025-07-24 11:18:31,642 [Worker-48: Building] INFO  o.a.m.s.f.DefaultMavenResourcesFiltering - Copying 1 resource from src\main\resources to target\classes
2025-07-24 11:18:31,651 [Worker-48: Building] INFO  o.a.m.s.f.DefaultMavenResourcesFiltering - Copying 0 resource from src\main\resources to target\classes
2025-07-24 11:18:31,660 [Worker-48: Building] INFO  o.a.m.s.f.DefaultMavenResourcesFiltering - skip non existing resourceDirectory D:\CDAC MY Project\FreeLance_Hub\backend\MeetYourNeed\src\test\resources
2025-07-24 11:19:47,956 [Worker-49: Building] INFO  o.a.m.s.f.DefaultMavenResourcesFiltering - Copying 1 resource from src\main\resources to target\classes
2025-07-24 11:19:47,961 [Worker-49: Building] INFO  o.a.m.s.f.DefaultMavenResourcesFiltering - Copying 0 resource from src\main\resources to target\classes
2025-07-24 11:19:47,967 [Worker-49: Building] INFO  o.a.m.s.f.DefaultMavenResourcesFiltering - skip non existing resourceDirectory D:\CDAC MY Project\FreeLance_Hub\backend\MeetYourNeed\src\test\resources
2025-07-24 11:20:42,320 [Worker-36: Building] INFO  o.a.m.s.f.DefaultMavenResourcesFiltering - Copying 1 resource from src\main\resources to target\classes
2025-07-24 11:20:42,324 [Worker-36: Building] INFO  o.a.m.s.f.DefaultMavenResourcesFiltering - Copying 0 resource from src\main\resources to target\classes
2025-07-24 11:20:42,330 [Worker-36: Building] INFO  o.a.m.s.f.DefaultMavenResourcesFiltering - skip non existing resourceDirectory D:\CDAC MY Project\FreeLance_Hub\backend\MeetYourNeed\src\test\resources
2025-07-24 11:21:23,207 [Worker-50: Building] INFO  o.a.m.s.f.DefaultMavenResourcesFiltering - Copying 1 resource from src\main\resources to target\classes
2025-07-24 11:21:23,214 [Worker-50: Building] INFO  o.a.m.s.f.DefaultMavenResourcesFiltering - Copying 0 resource from src\main\resources to target\classes
2025-07-24 11:21:23,217 [Worker-50: Building] INFO  o.a.m.s.f.DefaultMavenResourcesFiltering - skip non existing resourceDirectory D:\CDAC MY Project\FreeLance_Hub\backend\MeetYourNeed\src\test\resources
2025-07-24 11:22:57,698 [Worker-50: Building] INFO  o.a.m.s.f.DefaultMavenResourcesFiltering - Copying 1 resource from src\main\resources to target\classes
2025-07-24 11:22:57,705 [Worker-50: Building] INFO  o.a.m.s.f.DefaultMavenResourcesFiltering - Copying 0 resource from src\main\resources to target\classes
2025-07-24 11:22:57,712 [Worker-50: Building] INFO  o.a.m.s.f.DefaultMavenResourcesFiltering - skip non existing resourceDirectory D:\CDAC MY Project\FreeLance_Hub\backend\MeetYourNeed\src\test\resources
2025-07-24 11:23:50,149 [Worker-43: Building] INFO  o.a.m.s.f.DefaultMavenResourcesFiltering - Copying 1 resource from src\main\resources to target\classes
2025-07-24 11:23:50,155 [Worker-43: Building] INFO  o.a.m.s.f.DefaultMavenResourcesFiltering - Copying 0 resource from src\main\resources to target\classes
2025-07-24 11:23:50,160 [Worker-43: Building] INFO  o.a.m.s.f.DefaultMavenResourcesFiltering - skip non existing resourceDirectory D:\CDAC MY Project\FreeLance_Hub\backend\MeetYourNeed\src\test\resources
2025-07-24 12:19:15,441 [Worker-7: Loading available Gradle versions] INFO  o.e.b.c.i.u.g.PublishedGradleVersions - Gradle version information cache is up-to-date. Trying to read.
2025-07-24 15:04:06,816 [Worker-7: Loading available Gradle versions] INFO  o.e.b.c.i.u.g.PublishedGradleVersions - Gradle version information cache is up-to-date. Trying to read.
2025-07-24 15:11:06,187 [Worker-19: Building] INFO  o.a.m.s.f.DefaultMavenResourcesFiltering - Copying 1 resource from src\main\resources to target\classes
2025-07-24 15:11:06,197 [Worker-19: Building] INFO  o.a.m.s.f.DefaultMavenResourcesFiltering - Copying 0 resource from src\main\resources to target\classes
2025-07-24 15:11:06,201 [Worker-19: Building] INFO  o.a.m.s.f.DefaultMavenResourcesFiltering - skip non existing resourceDirectory D:\CDAC MY Project\FreeLance_Hub\backend\MeetYourNeed\src\test\resources
2025-07-24 15:16:16,875 [Worker-37: Building] INFO  o.a.m.s.f.DefaultMavenResourcesFiltering - Copying 1 resource from src\main\resources to target\classes
2025-07-24 15:16:16,879 [Worker-37: Building] INFO  o.a.m.s.f.DefaultMavenResourcesFiltering - Copying 0 resource from src\main\resources to target\classes
2025-07-24 15:16:16,883 [Worker-37: Building] INFO  o.a.m.s.f.DefaultMavenResourcesFiltering - skip non existing resourceDirectory D:\CDAC MY Project\FreeLance_Hub\backend\MeetYourNeed\src\test\resources
2025-07-24 16:41:40,087 [Worker-46: Building] INFO  o.a.m.s.f.DefaultMavenResourcesFiltering - Copying 1 resource from src\main\resources to target\classes
2025-07-24 16:41:40,099 [Worker-46: Building] INFO  o.a.m.s.f.DefaultMavenResourcesFiltering - Copying 0 resource from src\main\resources to target\classes
2025-07-24 16:41:40,104 [Worker-46: Building] INFO  o.a.m.s.f.DefaultMavenResourcesFiltering - skip non existing resourceDirectory D:\CDAC MY Project\FreeLance_Hub\backend\MeetYourNeed\src\test\resources
2025-07-24 16:42:12,167 [Worker-46: Building] INFO  o.a.m.s.f.DefaultMavenResourcesFiltering - Copying 1 resource from src\main\resources to target\classes
2025-07-24 16:42:12,171 [Worker-46: Building] INFO  o.a.m.s.f.DefaultMavenResourcesFiltering - Copying 0 resource from src\main\resources to target\classes
2025-07-24 16:42:12,173 [Worker-46: Building] INFO  o.a.m.s.f.DefaultMavenResourcesFiltering - skip non existing resourceDirectory D:\CDAC MY Project\FreeLance_Hub\backend\MeetYourNeed\src\test\resources
2025-07-24 16:42:49,727 [Worker-51: Building] INFO  o.a.m.s.f.DefaultMavenResourcesFiltering - Copying 1 resource from src\main\resources to target\classes
2025-07-24 16:42:49,731 [Worker-51: Building] INFO  o.a.m.s.f.DefaultMavenResourcesFiltering - Copying 0 resource from src\main\resources to target\classes
2025-07-24 16:42:49,733 [Worker-51: Building] INFO  o.a.m.s.f.DefaultMavenResourcesFiltering - skip non existing resourceDirectory D:\CDAC MY Project\FreeLance_Hub\backend\MeetYourNeed\src\test\resources
2025-07-24 16:43:19,482 [Worker-52: Building] INFO  o.a.m.s.f.DefaultMavenResourcesFiltering - Copying 1 resource from src\main\resources to target\classes
2025-07-24 16:43:19,484 [Worker-52: Building] INFO  o.a.m.s.f.DefaultMavenResourcesFiltering - Copying 0 resource from src\main\resources to target\classes
2025-07-24 16:43:19,487 [Worker-52: Building] INFO  o.a.m.s.f.DefaultMavenResourcesFiltering - skip non existing resourceDirectory D:\CDAC MY Project\FreeLance_Hub\backend\MeetYourNeed\src\test\resources
2025-07-24 16:43:47,704 [Worker-46: Building] INFO  o.a.m.s.f.DefaultMavenResourcesFiltering - Copying 1 resource from src\main\resources to target\classes
2025-07-24 16:43:47,706 [Worker-46: Building] INFO  o.a.m.s.f.DefaultMavenResourcesFiltering - Copying 0 resource from src\main\resources to target\classes
2025-07-24 16:43:47,708 [Worker-46: Building] INFO  o.a.m.s.f.DefaultMavenResourcesFiltering - skip non existing resourceDirectory D:\CDAC MY Project\FreeLance_Hub\backend\MeetYourNeed\src\test\resources
2025-07-24 16:43:58,392 [Worker-46: Building] INFO  o.a.m.s.f.DefaultMavenResourcesFiltering - Copying 1 resource from src\main\resources to target\classes
2025-07-24 16:43:58,394 [Worker-46: Building] INFO  o.a.m.s.f.DefaultMavenResourcesFiltering - Copying 0 resource from src\main\resources to target\classes
2025-07-24 16:43:58,397 [Worker-46: Building] INFO  o.a.m.s.f.DefaultMavenResourcesFiltering - skip non existing resourceDirectory D:\CDAC MY Project\FreeLance_Hub\backend\MeetYourNeed\src\test\resources
2025-07-24 16:44:05,667 [Worker-51: Building] INFO  o.a.m.s.f.DefaultMavenResourcesFiltering - Copying 1 resource from src\main\resources to target\classes
2025-07-24 16:44:05,670 [Worker-51: Building] INFO  o.a.m.s.f.DefaultMavenResourcesFiltering - Copying 0 resource from src\main\resources to target\classes
2025-07-24 16:44:05,672 [Worker-51: Building] INFO  o.a.m.s.f.DefaultMavenResourcesFiltering - skip non existing resourceDirectory D:\CDAC MY Project\FreeLance_Hub\backend\MeetYourNeed\src\test\resources
2025-07-24 16:44:47,805 [Worker-46: Building] INFO  o.a.m.s.f.DefaultMavenResourcesFiltering - Copying 1 resource from src\main\resources to target\classes
2025-07-24 16:44:47,808 [Worker-46: Building] INFO  o.a.m.s.f.DefaultMavenResourcesFiltering - Copying 0 resource from src\main\resources to target\classes
2025-07-24 16:44:47,811 [Worker-46: Building] INFO  o.a.m.s.f.DefaultMavenResourcesFiltering - skip non existing resourceDirectory D:\CDAC MY Project\FreeLance_Hub\backend\MeetYourNeed\src\test\resources
2025-07-24 16:46:14,129 [Worker-51: Building] INFO  o.a.m.s.f.DefaultMavenResourcesFiltering - Copying 1 resource from src\main\resources to target\classes
2025-07-24 16:46:14,133 [Worker-51: Building] INFO  o.a.m.s.f.DefaultMavenResourcesFiltering - Copying 0 resource from src\main\resources to target\classes
2025-07-24 16:46:14,137 [Worker-51: Building] INFO  o.a.m.s.f.DefaultMavenResourcesFiltering - skip non existing resourceDirectory D:\CDAC MY Project\FreeLance_Hub\backend\MeetYourNeed\src\test\resources
2025-07-24 16:46:42,636 [Worker-51: Building] INFO  o.a.m.s.f.DefaultMavenResourcesFiltering - Copying 1 resource from src\main\resources to target\classes
2025-07-24 16:46:42,638 [Worker-51: Building] INFO  o.a.m.s.f.DefaultMavenResourcesFiltering - Copying 0 resource from src\main\resources to target\classes
2025-07-24 16:46:42,640 [Worker-51: Building] INFO  o.a.m.s.f.DefaultMavenResourcesFiltering - skip non existing resourceDirectory D:\CDAC MY Project\FreeLance_Hub\backend\MeetYourNeed\src\test\resources
2025-07-24 16:50:17,987 [Worker-51: Building] INFO  o.a.m.s.f.DefaultMavenResourcesFiltering - Copying 1 resource from src\main\resources to target\classes
2025-07-24 16:50:17,989 [Worker-51: Building] INFO  o.a.m.s.f.DefaultMavenResourcesFiltering - Copying 0 resource from src\main\resources to target\classes
2025-07-24 16:50:17,991 [Worker-51: Building] INFO  o.a.m.s.f.DefaultMavenResourcesFiltering - skip non existing resourceDirectory D:\CDAC MY Project\FreeLance_Hub\backend\MeetYourNeed\src\test\resources
2025-07-24 16:50:52,575 [Worker-51: Building] INFO  o.a.m.s.f.DefaultMavenResourcesFiltering - Copying 1 resource from src\main\resources to target\classes
2025-07-24 16:50:52,577 [Worker-51: Building] INFO  o.a.m.s.f.DefaultMavenResourcesFiltering - Copying 0 resource from src\main\resources to target\classes
2025-07-24 16:50:52,579 [Worker-51: Building] INFO  o.a.m.s.f.DefaultMavenResourcesFiltering - skip non existing resourceDirectory D:\CDAC MY Project\FreeLance_Hub\backend\MeetYourNeed\src\test\resources
2025-07-24 17:19:40,561 [Worker-40: Building] INFO  o.a.m.s.f.DefaultMavenResourcesFiltering - Copying 1 resource from src\main\resources to target\classes
2025-07-24 17:19:40,590 [Worker-40: Building] INFO  o.a.m.s.f.DefaultMavenResourcesFiltering - Copying 0 resource from src\main\resources to target\classes
2025-07-24 17:19:40,596 [Worker-40: Building] INFO  o.a.m.s.f.DefaultMavenResourcesFiltering - skip non existing resourceDirectory D:\CDAC MY Project\FreeLance_Hub\backend\MeetYourNeed\src\test\resources
2025-07-24 17:23:15,549 [Worker-4: Loading available Gradle versions] INFO  o.e.b.c.i.u.g.PublishedGradleVersions - Gradle version information cache is up-to-date. Trying to read.
2025-07-24 17:24:29,444 [Worker-2: Building] INFO  o.a.m.s.f.DefaultMavenResourcesFiltering - Copying 1 resource from src\main\resources to target\classes
2025-07-24 17:24:29,459 [Worker-2: Building] INFO  o.a.m.s.f.DefaultMavenResourcesFiltering - Copying 0 resource from src\main\resources to target\classes
2025-07-24 17:24:29,464 [Worker-2: Building] INFO  o.a.m.s.f.DefaultMavenResourcesFiltering - skip non existing resourceDirectory D:\CDAC MY Project\FreeLance_Hub\backend\MeetYourNeed\src\test\resources
2025-07-24 17:25:53,738 [Worker-14: Building] INFO  o.a.m.s.f.DefaultMavenResourcesFiltering - Copying 1 resource from src\main\resources to target\classes
2025-07-24 17:25:53,742 [Worker-14: Building] INFO  o.a.m.s.f.DefaultMavenResourcesFiltering - Copying 0 resource from src\main\resources to target\classes
2025-07-24 17:25:53,745 [Worker-14: Building] INFO  o.a.m.s.f.DefaultMavenResourcesFiltering - skip non existing resourceDirectory D:\CDAC MY Project\FreeLance_Hub\backend\MeetYourNeed\src\test\resources
2025-07-24 18:15:38,347 [Worker-19: Building] INFO  o.a.m.s.f.DefaultMavenResourcesFiltering - Copying 1 resource from src\main\resources to target\classes
2025-07-24 18:15:38,351 [Worker-19: Building] INFO  o.a.m.s.f.DefaultMavenResourcesFiltering - Copying 0 resource from src\main\resources to target\classes
2025-07-24 18:15:38,356 [Worker-19: Building] INFO  o.a.m.s.f.DefaultMavenResourcesFiltering - skip non existing resourceDirectory D:\CDAC MY Project\FreeLance_Hub\backend\MeetYourNeed\src\test\resources
2025-07-24 18:15:45,762 [Worker-19: Building] INFO  o.a.m.s.f.DefaultMavenResourcesFiltering - Copying 1 resource from src\main\resources to target\classes
2025-07-24 18:15:45,769 [Worker-19: Building] INFO  o.a.m.s.f.DefaultMavenResourcesFiltering - Copying 0 resource from src\main\resources to target\classes
2025-07-24 18:15:45,774 [Worker-19: Building] INFO  o.a.m.s.f.DefaultMavenResourcesFiltering - skip non existing resourceDirectory D:\CDAC MY Project\FreeLance_Hub\backend\MeetYourNeed\src\test\resources
2025-07-24 18:15:52,217 [Worker-31: Building] INFO  o.a.m.s.f.DefaultMavenResourcesFiltering - Copying 1 resource from src\main\resources to target\classes
2025-07-24 18:15:52,220 [Worker-31: Building] INFO  o.a.m.s.f.DefaultMavenResourcesFiltering - Copying 0 resource from src\main\resources to target\classes
2025-07-24 18:15:52,222 [Worker-31: Building] INFO  o.a.m.s.f.DefaultMavenResourcesFiltering - skip non existing resourceDirectory D:\CDAC MY Project\FreeLance_Hub\backend\MeetYourNeed\src\test\resources
2025-07-24 18:15:57,336 [Worker-19: Building] INFO  o.a.m.s.f.DefaultMavenResourcesFiltering - Copying 1 resource from src\main\resources to target\classes
2025-07-24 18:15:57,338 [Worker-19: Building] INFO  o.a.m.s.f.DefaultMavenResourcesFiltering - Copying 0 resource from src\main\resources to target\classes
2025-07-24 18:15:57,340 [Worker-19: Building] INFO  o.a.m.s.f.DefaultMavenResourcesFiltering - skip non existing resourceDirectory D:\CDAC MY Project\FreeLance_Hub\backend\MeetYourNeed\src\test\resources
2025-07-24 18:16:27,138 [Worker-34: Building] INFO  o.a.m.s.f.DefaultMavenResourcesFiltering - Copying 1 resource from src\main\resources to target\classes
2025-07-24 18:16:27,142 [Worker-34: Building] INFO  o.a.m.s.f.DefaultMavenResourcesFiltering - Copying 0 resource from src\main\resources to target\classes
2025-07-24 18:16:27,147 [Worker-34: Building] INFO  o.a.m.s.f.DefaultMavenResourcesFiltering - skip non existing resourceDirectory D:\CDAC MY Project\FreeLance_Hub\backend\MeetYourNeed\src\test\resources
2025-07-24 18:16:38,586 [Worker-34: Building] INFO  o.a.m.s.f.DefaultMavenResourcesFiltering - Copying 1 resource from src\main\resources to target\classes
2025-07-24 18:16:38,587 [Worker-34: Building] INFO  o.a.m.s.f.DefaultMavenResourcesFiltering - Copying 0 resource from src\main\resources to target\classes
2025-07-24 18:16:38,590 [Worker-34: Building] INFO  o.a.m.s.f.DefaultMavenResourcesFiltering - skip non existing resourceDirectory D:\CDAC MY Project\FreeLance_Hub\backend\MeetYourNeed\src\test\resources
2025-07-24 18:19:46,905 [Worker-37: Building] INFO  o.a.m.s.f.DefaultMavenResourcesFiltering - Copying 1 resource from src\main\resources to target\classes
2025-07-24 18:19:46,908 [Worker-37: Building] INFO  o.a.m.s.f.DefaultMavenResourcesFiltering - Copying 0 resource from src\main\resources to target\classes
2025-07-24 18:19:46,911 [Worker-37: Building] INFO  o.a.m.s.f.DefaultMavenResourcesFiltering - skip non existing resourceDirectory D:\CDAC MY Project\FreeLance_Hub\backend\MeetYourNeed\src\test\resources
2025-07-24 18:20:39,326 [Worker-38: Building] INFO  o.a.m.s.f.DefaultMavenResourcesFiltering - Copying 1 resource from src\main\resources to target\classes
2025-07-24 18:20:39,330 [Worker-38: Building] INFO  o.a.m.s.f.DefaultMavenResourcesFiltering - Copying 0 resource from src\main\resources to target\classes
2025-07-24 18:20:39,332 [Worker-38: Building] INFO  o.a.m.s.f.DefaultMavenResourcesFiltering - skip non existing resourceDirectory D:\CDAC MY Project\FreeLance_Hub\backend\MeetYourNeed\src\test\resources
2025-07-24 18:21:42,489 [Worker-37: Building] INFO  o.a.m.s.f.DefaultMavenResourcesFiltering - Copying 1 resource from src\main\resources to target\classes
2025-07-24 18:21:42,491 [Worker-37: Building] INFO  o.a.m.s.f.DefaultMavenResourcesFiltering - Copying 0 resource from src\main\resources to target\classes
2025-07-24 18:21:42,493 [Worker-37: Building] INFO  o.a.m.s.f.DefaultMavenResourcesFiltering - skip non existing resourceDirectory D:\CDAC MY Project\FreeLance_Hub\backend\MeetYourNeed\src\test\resources
2025-07-24 18:21:57,865 [Worker-37: Building] INFO  o.a.m.s.f.DefaultMavenResourcesFiltering - Copying 1 resource from src\main\resources to target\classes
2025-07-24 18:21:57,867 [Worker-37: Building] INFO  o.a.m.s.f.DefaultMavenResourcesFiltering - Copying 0 resource from src\main\resources to target\classes
2025-07-24 18:21:57,869 [Worker-37: Building] INFO  o.a.m.s.f.DefaultMavenResourcesFiltering - skip non existing resourceDirectory D:\CDAC MY Project\FreeLance_Hub\backend\MeetYourNeed\src\test\resources
2025-07-24 18:22:51,989 [Worker-19: Building] INFO  o.a.m.s.f.DefaultMavenResourcesFiltering - Copying 1 resource from src\main\resources to target\classes
2025-07-24 18:22:51,991 [Worker-19: Building] INFO  o.a.m.s.f.DefaultMavenResourcesFiltering - Copying 0 resource from src\main\resources to target\classes
2025-07-24 18:22:51,994 [Worker-19: Building] INFO  o.a.m.s.f.DefaultMavenResourcesFiltering - skip non existing resourceDirectory D:\CDAC MY Project\FreeLance_Hub\backend\MeetYourNeed\src\test\resources
2025-07-24 18:23:07,603 [Worker-38: Building] INFO  o.a.m.s.f.DefaultMavenResourcesFiltering - Copying 1 resource from src\main\resources to target\classes
2025-07-24 18:23:07,606 [Worker-38: Building] INFO  o.a.m.s.f.DefaultMavenResourcesFiltering - Copying 0 resource from src\main\resources to target\classes
2025-07-24 18:23:07,608 [Worker-38: Building] INFO  o.a.m.s.f.DefaultMavenResourcesFiltering - skip non existing resourceDirectory D:\CDAC MY Project\FreeLance_Hub\backend\MeetYourNeed\src\test\resources
2025-07-24 18:23:29,061 [Worker-31: Building] INFO  o.a.m.s.f.DefaultMavenResourcesFiltering - Copying 1 resource from src\main\resources to target\classes
2025-07-24 18:23:29,064 [Worker-31: Building] INFO  o.a.m.s.f.DefaultMavenResourcesFiltering - Copying 0 resource from src\main\resources to target\classes
2025-07-24 18:23:29,066 [Worker-31: Building] INFO  o.a.m.s.f.DefaultMavenResourcesFiltering - skip non existing resourceDirectory D:\CDAC MY Project\FreeLance_Hub\backend\MeetYourNeed\src\test\resources
2025-07-24 18:23:41,663 [Worker-37: Building] INFO  o.a.m.s.f.DefaultMavenResourcesFiltering - Copying 1 resource from src\main\resources to target\classes
2025-07-24 18:23:41,665 [Worker-37: Building] INFO  o.a.m.s.f.DefaultMavenResourcesFiltering - Copying 0 resource from src\main\resources to target\classes
2025-07-24 18:23:41,667 [Worker-37: Building] INFO  o.a.m.s.f.DefaultMavenResourcesFiltering - skip non existing resourceDirectory D:\CDAC MY Project\FreeLance_Hub\backend\MeetYourNeed\src\test\resources
2025-07-24 18:24:41,777 [Worker-31: Building] INFO  o.a.m.s.f.DefaultMavenResourcesFiltering - Copying 1 resource from src\main\resources to target\classes
2025-07-24 18:24:41,780 [Worker-31: Building] INFO  o.a.m.s.f.DefaultMavenResourcesFiltering - Copying 0 resource from src\main\resources to target\classes
2025-07-24 18:24:41,782 [Worker-31: Building] INFO  o.a.m.s.f.DefaultMavenResourcesFiltering - skip non existing resourceDirectory D:\CDAC MY Project\FreeLance_Hub\backend\MeetYourNeed\src\test\resources
2025-07-24 18:25:37,285 [Worker-19: Building] INFO  o.a.m.s.f.DefaultMavenResourcesFiltering - Copying 1 resource from src\main\resources to target\classes
2025-07-24 18:25:37,288 [Worker-19: Building] INFO  o.a.m.s.f.DefaultMavenResourcesFiltering - Copying 0 resource from src\main\resources to target\classes
2025-07-24 18:25:37,290 [Worker-19: Building] INFO  o.a.m.s.f.DefaultMavenResourcesFiltering - skip non existing resourceDirectory D:\CDAC MY Project\FreeLance_Hub\backend\MeetYourNeed\src\test\resources
2025-07-24 18:28:04,119 [Worker-39: Building] INFO  o.a.m.s.f.DefaultMavenResourcesFiltering - Copying 1 resource from src\main\resources to target\classes
2025-07-24 18:28:04,122 [Worker-39: Building] INFO  o.a.m.s.f.DefaultMavenResourcesFiltering - Copying 0 resource from src\main\resources to target\classes
2025-07-24 18:28:04,126 [Worker-39: Building] INFO  o.a.m.s.f.DefaultMavenResourcesFiltering - skip non existing resourceDirectory D:\CDAC MY Project\FreeLance_Hub\backend\MeetYourNeed\src\test\resources
2025-07-24 18:28:17,099 [Worker-40: Building] INFO  o.a.m.s.f.DefaultMavenResourcesFiltering - Copying 1 resource from src\main\resources to target\classes
2025-07-24 18:28:17,101 [Worker-40: Building] INFO  o.a.m.s.f.DefaultMavenResourcesFiltering - Copying 0 resource from src\main\resources to target\classes
2025-07-24 18:28:17,102 [Worker-40: Building] INFO  o.a.m.s.f.DefaultMavenResourcesFiltering - skip non existing resourceDirectory D:\CDAC MY Project\FreeLance_Hub\backend\MeetYourNeed\src\test\resources
2025-07-24 18:33:47,421 [Worker-39: Building] INFO  o.a.m.s.f.DefaultMavenResourcesFiltering - Copying 1 resource from src\main\resources to target\classes
2025-07-24 18:33:47,423 [Worker-39: Building] INFO  o.a.m.s.f.DefaultMavenResourcesFiltering - Copying 0 resource from src\main\resources to target\classes
2025-07-24 18:33:47,425 [Worker-39: Building] INFO  o.a.m.s.f.DefaultMavenResourcesFiltering - skip non existing resourceDirectory D:\CDAC MY Project\FreeLance_Hub\backend\MeetYourNeed\src\test\resources
2025-07-24 18:35:48,649 [Worker-45: Building] INFO  o.a.m.s.f.DefaultMavenResourcesFiltering - Copying 1 resource from src\main\resources to target\classes
2025-07-24 18:35:48,651 [Worker-45: Building] INFO  o.a.m.s.f.DefaultMavenResourcesFiltering - Copying 0 resource from src\main\resources to target\classes
2025-07-24 18:35:48,653 [Worker-45: Building] INFO  o.a.m.s.f.DefaultMavenResourcesFiltering - skip non existing resourceDirectory D:\CDAC MY Project\FreeLance_Hub\backend\MeetYourNeed\src\test\resources
2025-07-24 18:36:15,454 [Worker-45: Building] INFO  o.a.m.s.f.DefaultMavenResourcesFiltering - Copying 1 resource from src\main\resources to target\classes
2025-07-24 18:36:15,456 [Worker-45: Building] INFO  o.a.m.s.f.DefaultMavenResourcesFiltering - Copying 0 resource from src\main\resources to target\classes
2025-07-24 18:36:15,458 [Worker-45: Building] INFO  o.a.m.s.f.DefaultMavenResourcesFiltering - skip non existing resourceDirectory D:\CDAC MY Project\FreeLance_Hub\backend\MeetYourNeed\src\test\resources
2025-07-24 18:38:15,619 [Worker-47: Building] INFO  o.a.m.s.f.DefaultMavenResourcesFiltering - Copying 1 resource from src\main\resources to target\classes
2025-07-24 18:38:15,622 [Worker-47: Building] INFO  o.a.m.s.f.DefaultMavenResourcesFiltering - Copying 0 resource from src\main\resources to target\classes
2025-07-24 18:38:15,624 [Worker-47: Building] INFO  o.a.m.s.f.DefaultMavenResourcesFiltering - skip non existing resourceDirectory D:\CDAC MY Project\FreeLance_Hub\backend\MeetYourNeed\src\test\resources
2025-07-24 18:44:45,991 [Worker-50: Building] INFO  o.a.m.s.f.DefaultMavenResourcesFiltering - Copying 1 resource from src\main\resources to target\classes
2025-07-24 18:44:45,994 [Worker-50: Building] INFO  o.a.m.s.f.DefaultMavenResourcesFiltering - Copying 0 resource from src\main\resources to target\classes
2025-07-24 18:44:45,996 [Worker-50: Building] INFO  o.a.m.s.f.DefaultMavenResourcesFiltering - skip non existing resourceDirectory D:\CDAC MY Project\FreeLance_Hub\backend\MeetYourNeed\src\test\resources
2025-07-24 18:46:44,281 [Worker-51: Building] INFO  o.a.m.s.f.DefaultMavenResourcesFiltering - Copying 1 resource from src\main\resources to target\classes
2025-07-24 18:46:44,284 [Worker-51: Building] INFO  o.a.m.s.f.DefaultMavenResourcesFiltering - Copying 0 resource from src\main\resources to target\classes
2025-07-24 18:46:44,285 [Worker-51: Building] INFO  o.a.m.s.f.DefaultMavenResourcesFiltering - skip non existing resourceDirectory D:\CDAC MY Project\FreeLance_Hub\backend\MeetYourNeed\src\test\resources
2025-07-24 18:56:57,626 [Worker-56: Building] INFO  o.a.m.s.f.DefaultMavenResourcesFiltering - Copying 1 resource from src\main\resources to target\classes
2025-07-24 18:56:57,643 [Worker-56: Building] INFO  o.a.m.s.f.DefaultMavenResourcesFiltering - Copying 0 resource from src\main\resources to target\classes
2025-07-24 18:56:57,647 [Worker-56: Building] INFO  o.a.m.s.f.DefaultMavenResourcesFiltering - skip non existing resourceDirectory D:\CDAC MY Project\FreeLance_Hub\backend\MeetYourNeed\src\test\resources
2025-07-24 18:57:08,880 [Worker-57: Launching MeetYourNeedApplication] INFO  o.a.m.s.f.DefaultMavenResourcesFiltering - Copying 1 resource from src\main\resources to target\classes
2025-07-24 18:57:08,885 [Worker-57: Launching MeetYourNeedApplication] INFO  o.a.m.s.f.DefaultMavenResourcesFiltering - Copying 0 resource from src\main\resources to target\classes
2025-07-24 18:57:08,888 [Worker-57: Launching MeetYourNeedApplication] INFO  o.a.m.s.f.DefaultMavenResourcesFiltering - skip non existing resourceDirectory D:\CDAC MY Project\FreeLance_Hub\backend\MeetYourNeed\src\test\resources
2025-07-24 18:57:28,494 [Worker-56: Building] INFO  o.a.m.s.f.DefaultMavenResourcesFiltering - Copying 1 resource from src\main\resources to target\classes
2025-07-24 18:57:28,496 [Worker-56: Building] INFO  o.a.m.s.f.DefaultMavenResourcesFiltering - Copying 0 resource from src\main\resources to target\classes
2025-07-24 18:57:28,498 [Worker-56: Building] INFO  o.a.m.s.f.DefaultMavenResourcesFiltering - skip non existing resourceDirectory D:\CDAC MY Project\FreeLance_Hub\backend\MeetYourNeed\src\test\resources
2025-07-24 19:09:19,564 [Worker-61: Building] INFO  o.a.m.s.f.DefaultMavenResourcesFiltering - Copying 1 resource from src\main\resources to target\classes
2025-07-24 19:09:19,566 [Worker-61: Building] INFO  o.a.m.s.f.DefaultMavenResourcesFiltering - Copying 0 resource from src\main\resources to target\classes
2025-07-24 19:09:19,568 [Worker-61: Building] INFO  o.a.m.s.f.DefaultMavenResourcesFiltering - skip non existing resourceDirectory D:\CDAC MY Project\FreeLance_Hub\backend\MeetYourNeed\src\test\resources
2025-07-24 19:13:25,183 [Worker-64: Building] INFO  o.a.m.s.f.DefaultMavenResourcesFiltering - Copying 1 resource from src\main\resources to target\classes
2025-07-24 19:13:25,194 [Worker-64: Building] INFO  o.a.m.s.f.DefaultMavenResourcesFiltering - Copying 0 resource from src\main\resources to target\classes
2025-07-24 19:13:25,197 [Worker-64: Building] INFO  o.a.m.s.f.DefaultMavenResourcesFiltering - skip non existing resourceDirectory D:\CDAC MY Project\FreeLance_Hub\backend\MeetYourNeed\src\test\resources
2025-07-24 19:37:52,210 [Worker-67: Building] INFO  o.a.m.s.f.DefaultMavenResourcesFiltering - Copying 1 resource from src\main\resources to target\classes
2025-07-24 19:37:52,222 [Worker-67: Building] INFO  o.a.m.s.f.DefaultMavenResourcesFiltering - Copying 0 resource from src\main\resources to target\classes
2025-07-24 19:37:52,224 [Worker-67: Building] INFO  o.a.m.s.f.DefaultMavenResourcesFiltering - skip non existing resourceDirectory D:\CDAC MY Project\FreeLance_Hub\backend\MeetYourNeed\src\test\resources
2025-07-24 19:38:21,187 [Worker-69: Building] INFO  o.a.m.s.f.DefaultMavenResourcesFiltering - Copying 1 resource from src\main\resources to target\classes
2025-07-24 19:38:21,189 [Worker-69: Building] INFO  o.a.m.s.f.DefaultMavenResourcesFiltering - Copying 0 resource from src\main\resources to target\classes
2025-07-24 19:38:21,191 [Worker-69: Building] INFO  o.a.m.s.f.DefaultMavenResourcesFiltering - skip non existing resourceDirectory D:\CDAC MY Project\FreeLance_Hub\backend\MeetYourNeed\src\test\resources
2025-07-24 19:43:00,493 [Worker-64: Building] INFO  o.a.m.s.f.DefaultMavenResourcesFiltering - Copying 1 resource from src\main\resources to target\classes
2025-07-24 19:43:00,495 [Worker-64: Building] INFO  o.a.m.s.f.DefaultMavenResourcesFiltering - Copying 0 resource from src\main\resources to target\classes
2025-07-24 19:43:00,497 [Worker-64: Building] INFO  o.a.m.s.f.DefaultMavenResourcesFiltering - skip non existing resourceDirectory D:\CDAC MY Project\FreeLance_Hub\backend\MeetYourNeed\src\test\resources
2025-07-24 19:43:20,811 [Worker-76: Building] INFO  o.a.m.s.f.DefaultMavenResourcesFiltering - Copying 1 resource from src\main\resources to target\classes
2025-07-24 19:43:20,814 [Worker-76: Building] INFO  o.a.m.s.f.DefaultMavenResourcesFiltering - Copying 0 resource from src\main\resources to target\classes
2025-07-24 19:43:20,815 [Worker-76: Building] INFO  o.a.m.s.f.DefaultMavenResourcesFiltering - skip non existing resourceDirectory D:\CDAC MY Project\FreeLance_Hub\backend\MeetYourNeed\src\test\resources
2025-07-24 19:45:40,588 [Worker-74: Building] INFO  o.a.m.s.f.DefaultMavenResourcesFiltering - Copying 1 resource from src\main\resources to target\classes
2025-07-24 19:45:40,591 [Worker-74: Building] INFO  o.a.m.s.f.DefaultMavenResourcesFiltering - Copying 0 resource from src\main\resources to target\classes
2025-07-24 19:45:40,592 [Worker-74: Building] INFO  o.a.m.s.f.DefaultMavenResourcesFiltering - skip non existing resourceDirectory D:\CDAC MY Project\FreeLance_Hub\backend\MeetYourNeed\src\test\resources
2025-07-24 19:45:56,858 [Worker-73: Building] INFO  o.a.m.s.f.DefaultMavenResourcesFiltering - Copying 1 resource from src\main\resources to target\classes
2025-07-24 19:45:56,862 [Worker-73: Building] INFO  o.a.m.s.f.DefaultMavenResourcesFiltering - Copying 0 resource from src\main\resources to target\classes
2025-07-24 19:45:56,863 [Worker-73: Building] INFO  o.a.m.s.f.DefaultMavenResourcesFiltering - skip non existing resourceDirectory D:\CDAC MY Project\FreeLance_Hub\backend\MeetYourNeed\src\test\resources
2025-07-24 19:48:15,473 [Worker-79: Building] INFO  o.a.m.s.f.DefaultMavenResourcesFiltering - Copying 1 resource from src\main\resources to target\classes
2025-07-24 19:48:15,478 [Worker-79: Building] INFO  o.a.m.s.f.DefaultMavenResourcesFiltering - Copying 0 resource from src\main\resources to target\classes
2025-07-24 19:48:15,480 [Worker-79: Building] INFO  o.a.m.s.f.DefaultMavenResourcesFiltering - skip non existing resourceDirectory D:\CDAC MY Project\FreeLance_Hub\backend\MeetYourNeed\src\test\resources
2025-07-24 20:01:16,551 [Worker-81: Building] INFO  o.a.m.s.f.DefaultMavenResourcesFiltering - Copying 1 resource from src\main\resources to target\classes
2025-07-24 20:01:16,554 [Worker-81: Building] INFO  o.a.m.s.f.DefaultMavenResourcesFiltering - Copying 0 resource from src\main\resources to target\classes
2025-07-24 20:01:16,556 [Worker-81: Building] INFO  o.a.m.s.f.DefaultMavenResourcesFiltering - skip non existing resourceDirectory D:\CDAC MY Project\FreeLance_Hub\backend\MeetYourNeed\src\test\resources
2025-07-24 20:14:03,445 [Worker-81: Building] INFO  o.a.m.s.f.DefaultMavenResourcesFiltering - Copying 1 resource from src\main\resources to target\classes
2025-07-24 20:14:03,447 [Worker-81: Building] INFO  o.a.m.s.f.DefaultMavenResourcesFiltering - Copying 0 resource from src\main\resources to target\classes
2025-07-24 20:14:03,449 [Worker-81: Building] INFO  o.a.m.s.f.DefaultMavenResourcesFiltering - skip non existing resourceDirectory D:\CDAC MY Project\FreeLance_Hub\backend\MeetYourNeed\src\test\resources
2025-07-24 20:14:19,960 [Worker-85: Building] INFO  o.a.m.s.f.DefaultMavenResourcesFiltering - Copying 1 resource from src\main\resources to target\classes
2025-07-24 20:14:19,963 [Worker-85: Building] INFO  o.a.m.s.f.DefaultMavenResourcesFiltering - Copying 0 resource from src\main\resources to target\classes
2025-07-24 20:14:19,965 [Worker-85: Building] INFO  o.a.m.s.f.DefaultMavenResourcesFiltering - skip non existing resourceDirectory D:\CDAC MY Project\FreeLance_Hub\backend\MeetYourNeed\src\test\resources
2025-07-24 20:14:36,592 [Worker-81: Building] INFO  o.a.m.s.f.DefaultMavenResourcesFiltering - Copying 1 resource from src\main\resources to target\classes
2025-07-24 20:14:36,594 [Worker-81: Building] INFO  o.a.m.s.f.DefaultMavenResourcesFiltering - Copying 0 resource from src\main\resources to target\classes
2025-07-24 20:14:36,596 [Worker-81: Building] INFO  o.a.m.s.f.DefaultMavenResourcesFiltering - skip non existing resourceDirectory D:\CDAC MY Project\FreeLance_Hub\backend\MeetYourNeed\src\test\resources
2025-07-24 20:14:49,932 [Worker-85: Building] INFO  o.a.m.s.f.DefaultMavenResourcesFiltering - Copying 1 resource from src\main\resources to target\classes
2025-07-24 20:14:49,959 [Worker-85: Building] INFO  o.a.m.s.f.DefaultMavenResourcesFiltering - Copying 0 resource from src\main\resources to target\classes
2025-07-24 20:14:49,965 [Worker-85: Building] INFO  o.a.m.s.f.DefaultMavenResourcesFiltering - skip non existing resourceDirectory D:\CDAC MY Project\FreeLance_Hub\backend\MeetYourNeed\src\test\resources
2025-07-24 20:15:10,683 [Worker-84: Building] INFO  o.a.m.s.f.DefaultMavenResourcesFiltering - Copying 1 resource from src\main\resources to target\classes
2025-07-24 20:15:10,686 [Worker-84: Building] INFO  o.a.m.s.f.DefaultMavenResourcesFiltering - Copying 0 resource from src\main\resources to target\classes
2025-07-24 20:15:10,687 [Worker-84: Building] INFO  o.a.m.s.f.DefaultMavenResourcesFiltering - skip non existing resourceDirectory D:\CDAC MY Project\FreeLance_Hub\backend\MeetYourNeed\src\test\resources
2025-07-24 20:15:27,744 [Worker-84: Building] INFO  o.a.m.s.f.DefaultMavenResourcesFiltering - Copying 1 resource from src\main\resources to target\classes
2025-07-24 20:15:27,747 [Worker-84: Building] INFO  o.a.m.s.f.DefaultMavenResourcesFiltering - Copying 0 resource from src\main\resources to target\classes
2025-07-24 20:15:27,748 [Worker-84: Building] INFO  o.a.m.s.f.DefaultMavenResourcesFiltering - skip non existing resourceDirectory D:\CDAC MY Project\FreeLance_Hub\backend\MeetYourNeed\src\test\resources
2025-07-24 20:21:19,599 [Worker-87: Building] INFO  o.a.m.s.f.DefaultMavenResourcesFiltering - Copying 1 resource from src\main\resources to target\classes
2025-07-24 20:21:19,601 [Worker-87: Building] INFO  o.a.m.s.f.DefaultMavenResourcesFiltering - Copying 0 resource from src\main\resources to target\classes
2025-07-24 20:21:19,602 [Worker-87: Building] INFO  o.a.m.s.f.DefaultMavenResourcesFiltering - skip non existing resourceDirectory D:\CDAC MY Project\FreeLance_Hub\backend\MeetYourNeed\src\test\resources
2025-07-24 20:46:19,244 [Worker-95: Building] INFO  o.a.m.s.f.DefaultMavenResourcesFiltering - Copying 1 resource from src\main\resources to target\classes
2025-07-24 20:46:19,259 [Worker-95: Building] INFO  o.a.m.s.f.DefaultMavenResourcesFiltering - Copying 0 resource from src\main\resources to target\classes
2025-07-24 20:46:19,264 [Worker-95: Building] INFO  o.a.m.s.f.DefaultMavenResourcesFiltering - skip non existing resourceDirectory D:\CDAC MY Project\FreeLance_Hub\backend\MeetYourNeed\src\test\resources
2025-07-24 20:46:27,997 [Worker-97: Building] INFO  o.a.m.s.f.DefaultMavenResourcesFiltering - Copying 1 resource from src\main\resources to target\classes
2025-07-24 20:46:28,000 [Worker-97: Building] INFO  o.a.m.s.f.DefaultMavenResourcesFiltering - Copying 0 resource from src\main\resources to target\classes
2025-07-24 20:46:28,001 [Worker-97: Building] INFO  o.a.m.s.f.DefaultMavenResourcesFiltering - skip non existing resourceDirectory D:\CDAC MY Project\FreeLance_Hub\backend\MeetYourNeed\src\test\resources
2025-07-24 20:46:59,012 [Worker-94: Building] INFO  o.a.m.s.f.DefaultMavenResourcesFiltering - Copying 1 resource from src\main\resources to target\classes
2025-07-24 20:46:59,018 [Worker-94: Building] INFO  o.a.m.s.f.DefaultMavenResourcesFiltering - Copying 0 resource from src\main\resources to target\classes
2025-07-24 20:46:59,019 [Worker-94: Building] INFO  o.a.m.s.f.DefaultMavenResourcesFiltering - skip non existing resourceDirectory D:\CDAC MY Project\FreeLance_Hub\backend\MeetYourNeed\src\test\resources
2025-07-24 20:48:35,060 [Worker-97: Building] INFO  o.a.m.s.f.DefaultMavenResourcesFiltering - Copying 1 resource from src\main\resources to target\classes
2025-07-24 20:48:35,063 [Worker-97: Building] INFO  o.a.m.s.f.DefaultMavenResourcesFiltering - Copying 0 resource from src\main\resources to target\classes
2025-07-24 20:48:35,065 [Worker-97: Building] INFO  o.a.m.s.f.DefaultMavenResourcesFiltering - skip non existing resourceDirectory D:\CDAC MY Project\FreeLance_Hub\backend\MeetYourNeed\src\test\resources
2025-07-24 20:51:18,311 [Worker-97: Building] INFO  o.a.m.s.f.DefaultMavenResourcesFiltering - Copying 1 resource from src\main\resources to target\classes
2025-07-24 20:51:18,313 [Worker-97: Building] INFO  o.a.m.s.f.DefaultMavenResourcesFiltering - Copying 0 resource from src\main\resources to target\classes
2025-07-24 20:51:18,315 [Worker-97: Building] INFO  o.a.m.s.f.DefaultMavenResourcesFiltering - skip non existing resourceDirectory D:\CDAC MY Project\FreeLance_Hub\backend\MeetYourNeed\src\test\resources
2025-07-24 20:53:04,889 [Worker-94: Building] INFO  o.a.m.s.f.DefaultMavenResourcesFiltering - Copying 1 resource from src\main\resources to target\classes
2025-07-24 20:53:04,892 [Worker-94: Building] INFO  o.a.m.s.f.DefaultMavenResourcesFiltering - Copying 0 resource from src\main\resources to target\classes
2025-07-24 20:53:04,894 [Worker-94: Building] INFO  o.a.m.s.f.DefaultMavenResourcesFiltering - skip non existing resourceDirectory D:\CDAC MY Project\FreeLance_Hub\backend\MeetYourNeed\src\test\resources
2025-07-24 20:53:14,789 [Worker-103: Building] INFO  o.a.m.s.f.DefaultMavenResourcesFiltering - Copying 1 resource from src\main\resources to target\classes
2025-07-24 20:53:14,792 [Worker-103: Building] INFO  o.a.m.s.f.DefaultMavenResourcesFiltering - Copying 0 resource from src\main\resources to target\classes
2025-07-24 20:53:14,794 [Worker-103: Building] INFO  o.a.m.s.f.DefaultMavenResourcesFiltering - skip non existing resourceDirectory D:\CDAC MY Project\FreeLance_Hub\backend\MeetYourNeed\src\test\resources
2025-07-24 20:53:37,124 [Worker-102: Launching Executing clean in D__CDAC MY Project_FreeLance_Hub_backend_MeetYourNeed] INFO  o.eclipse.m2e.core.internal.Bundles - getClasspathEntries(Bundle=org.eclipse.m2e.maven.runtime_3.9.700.20240602-2313 [645])
2025-07-24 20:53:37,125 [Worker-102: Launching Executing clean in D__CDAC MY Project_FreeLance_Hub_backend_MeetYourNeed] INFO  o.eclipse.m2e.core.internal.Bundles - 	Entry: D:\JAVA\softwares\eclipse-jee-2024-06-R-win32-x86_64\eclipse\plugins\org.eclipse.m2e.maven.runtime_3.9.700.20240602-2313
2025-07-24 20:53:37,125 [Worker-102: Launching Executing clean in D__CDAC MY Project_FreeLance_Hub_backend_MeetYourNeed] INFO  o.eclipse.m2e.core.internal.Bundles - 	Entry: D:\JAVA\softwares\eclipse-jee-2024-06-R-win32-x86_64\eclipse\plugins\org.eclipse.m2e.maven.runtime_3.9.700.20240602-2313\jars\aopalliance-1.0.jar
2025-07-24 20:53:37,125 [Worker-102: Launching Executing clean in D__CDAC MY Project_FreeLance_Hub_backend_MeetYourNeed] INFO  o.eclipse.m2e.core.internal.Bundles - 	Entry: D:\JAVA\softwares\eclipse-jee-2024-06-R-win32-x86_64\eclipse\plugins\org.eclipse.m2e.maven.runtime_3.9.700.20240602-2313\jars\guice-5.1.0.jar
2025-07-24 20:53:37,125 [Worker-102: Launching Executing clean in D__CDAC MY Project_FreeLance_Hub_backend_MeetYourNeed] INFO  o.eclipse.m2e.core.internal.Bundles - 	Entry: D:\JAVA\softwares\eclipse-jee-2024-06-R-win32-x86_64\eclipse\plugins\org.eclipse.m2e.maven.runtime_3.9.700.20240602-2313\jars\httpclient-4.5.14.jar
2025-07-24 20:53:37,125 [Worker-102: Launching Executing clean in D__CDAC MY Project_FreeLance_Hub_backend_MeetYourNeed] INFO  o.eclipse.m2e.core.internal.Bundles - 	Entry: D:\JAVA\softwares\eclipse-jee-2024-06-R-win32-x86_64\eclipse\plugins\org.eclipse.m2e.maven.runtime_3.9.700.20240602-2313\jars\httpcore-4.4.16.jar
2025-07-24 20:53:37,125 [Worker-102: Launching Executing clean in D__CDAC MY Project_FreeLance_Hub_backend_MeetYourNeed] INFO  o.eclipse.m2e.core.internal.Bundles - 	Entry: D:\JAVA\softwares\eclipse-jee-2024-06-R-win32-x86_64\eclipse\plugins\org.eclipse.m2e.maven.runtime_3.9.700.20240602-2313\jars\jansi-2.4.1.jar
2025-07-24 20:53:37,125 [Worker-102: Launching Executing clean in D__CDAC MY Project_FreeLance_Hub_backend_MeetYourNeed] INFO  o.eclipse.m2e.core.internal.Bundles - 	Entry: D:\JAVA\softwares\eclipse-jee-2024-06-R-win32-x86_64\eclipse\plugins\org.eclipse.m2e.maven.runtime_3.9.700.20240602-2313\jars\jcl-over-slf4j-1.7.36.jar
2025-07-24 20:53:37,126 [Worker-102: Launching Executing clean in D__CDAC MY Project_FreeLance_Hub_backend_MeetYourNeed] INFO  o.eclipse.m2e.core.internal.Bundles - 	Entry: D:\JAVA\softwares\eclipse-jee-2024-06-R-win32-x86_64\eclipse\plugins\org.eclipse.m2e.maven.runtime_3.9.700.20240602-2313\jars\maven-artifact-3.9.7.jar
2025-07-24 20:53:37,126 [Worker-102: Launching Executing clean in D__CDAC MY Project_FreeLance_Hub_backend_MeetYourNeed] INFO  o.eclipse.m2e.core.internal.Bundles - 	Entry: D:\JAVA\softwares\eclipse-jee-2024-06-R-win32-x86_64\eclipse\plugins\org.eclipse.m2e.maven.runtime_3.9.700.20240602-2313\jars\maven-builder-support-3.9.7.jar
2025-07-24 20:53:37,126 [Worker-102: Launching Executing clean in D__CDAC MY Project_FreeLance_Hub_backend_MeetYourNeed] INFO  o.eclipse.m2e.core.internal.Bundles - 	Entry: D:\JAVA\softwares\eclipse-jee-2024-06-R-win32-x86_64\eclipse\plugins\org.eclipse.m2e.maven.runtime_3.9.700.20240602-2313\jars\maven-compat-3.9.7.jar
2025-07-24 20:53:37,126 [Worker-102: Launching Executing clean in D__CDAC MY Project_FreeLance_Hub_backend_MeetYourNeed] INFO  o.eclipse.m2e.core.internal.Bundles - 	Entry: D:\JAVA\softwares\eclipse-jee-2024-06-R-win32-x86_64\eclipse\plugins\org.eclipse.m2e.maven.runtime_3.9.700.20240602-2313\jars\maven-core-3.9.7.jar
2025-07-24 20:53:37,126 [Worker-102: Launching Executing clean in D__CDAC MY Project_FreeLance_Hub_backend_MeetYourNeed] INFO  o.eclipse.m2e.core.internal.Bundles - 	Entry: D:\JAVA\softwares\eclipse-jee-2024-06-R-win32-x86_64\eclipse\plugins\org.eclipse.m2e.maven.runtime_3.9.700.20240602-2313\jars\maven-embedder-3.9.7.jar
2025-07-24 20:53:37,126 [Worker-102: Launching Executing clean in D__CDAC MY Project_FreeLance_Hub_backend_MeetYourNeed] INFO  o.eclipse.m2e.core.internal.Bundles - 	Entry: D:\JAVA\softwares\eclipse-jee-2024-06-R-win32-x86_64\eclipse\plugins\org.eclipse.m2e.maven.runtime_3.9.700.20240602-2313\jars\maven-model-3.9.7.jar
2025-07-24 20:53:37,126 [Worker-102: Launching Executing clean in D__CDAC MY Project_FreeLance_Hub_backend_MeetYourNeed] INFO  o.eclipse.m2e.core.internal.Bundles - 	Entry: D:\JAVA\softwares\eclipse-jee-2024-06-R-win32-x86_64\eclipse\plugins\org.eclipse.m2e.maven.runtime_3.9.700.20240602-2313\jars\maven-model-builder-3.9.7.jar
2025-07-24 20:53:37,126 [Worker-102: Launching Executing clean in D__CDAC MY Project_FreeLance_Hub_backend_MeetYourNeed] INFO  o.eclipse.m2e.core.internal.Bundles - 	Entry: D:\JAVA\softwares\eclipse-jee-2024-06-R-win32-x86_64\eclipse\plugins\org.eclipse.m2e.maven.runtime_3.9.700.20240602-2313\jars\maven-plugin-api-3.9.7.jar
2025-07-24 20:53:37,126 [Worker-102: Launching Executing clean in D__CDAC MY Project_FreeLance_Hub_backend_MeetYourNeed] INFO  o.eclipse.m2e.core.internal.Bundles - 	Entry: D:\JAVA\softwares\eclipse-jee-2024-06-R-win32-x86_64\eclipse\plugins\org.eclipse.m2e.maven.runtime_3.9.700.20240602-2313\jars\maven-repository-metadata-3.9.7.jar
2025-07-24 20:53:37,126 [Worker-102: Launching Executing clean in D__CDAC MY Project_FreeLance_Hub_backend_MeetYourNeed] INFO  o.eclipse.m2e.core.internal.Bundles - 	Entry: D:\JAVA\softwares\eclipse-jee-2024-06-R-win32-x86_64\eclipse\plugins\org.eclipse.m2e.maven.runtime_3.9.700.20240602-2313\jars\maven-resolver-api-1.9.20.jar
2025-07-24 20:53:37,126 [Worker-102: Launching Executing clean in D__CDAC MY Project_FreeLance_Hub_backend_MeetYourNeed] INFO  o.eclipse.m2e.core.internal.Bundles - 	Entry: D:\JAVA\softwares\eclipse-jee-2024-06-R-win32-x86_64\eclipse\plugins\org.eclipse.m2e.maven.runtime_3.9.700.20240602-2313\jars\maven-resolver-connector-basic-1.9.20.jar
2025-07-24 20:53:37,126 [Worker-102: Launching Executing clean in D__CDAC MY Project_FreeLance_Hub_backend_MeetYourNeed] INFO  o.eclipse.m2e.core.internal.Bundles - 	Entry: D:\JAVA\softwares\eclipse-jee-2024-06-R-win32-x86_64\eclipse\plugins\org.eclipse.m2e.maven.runtime_3.9.700.20240602-2313\jars\maven-resolver-impl-1.9.20.jar
2025-07-24 20:53:37,126 [Worker-102: Launching Executing clean in D__CDAC MY Project_FreeLance_Hub_backend_MeetYourNeed] INFO  o.eclipse.m2e.core.internal.Bundles - 	Entry: D:\JAVA\softwares\eclipse-jee-2024-06-R-win32-x86_64\eclipse\plugins\org.eclipse.m2e.maven.runtime_3.9.700.20240602-2313\jars\maven-resolver-named-locks-1.9.20.jar
2025-07-24 20:53:37,126 [Worker-102: Launching Executing clean in D__CDAC MY Project_FreeLance_Hub_backend_MeetYourNeed] INFO  o.eclipse.m2e.core.internal.Bundles - 	Entry: D:\JAVA\softwares\eclipse-jee-2024-06-R-win32-x86_64\eclipse\plugins\org.eclipse.m2e.maven.runtime_3.9.700.20240602-2313\jars\maven-resolver-provider-3.9.7.jar
2025-07-24 20:53:37,126 [Worker-102: Launching Executing clean in D__CDAC MY Project_FreeLance_Hub_backend_MeetYourNeed] INFO  o.eclipse.m2e.core.internal.Bundles - 	Entry: D:\JAVA\softwares\eclipse-jee-2024-06-R-win32-x86_64\eclipse\plugins\org.eclipse.m2e.maven.runtime_3.9.700.20240602-2313\jars\maven-resolver-spi-1.9.20.jar
2025-07-24 20:53:37,126 [Worker-102: Launching Executing clean in D__CDAC MY Project_FreeLance_Hub_backend_MeetYourNeed] INFO  o.eclipse.m2e.core.internal.Bundles - 	Entry: D:\JAVA\softwares\eclipse-jee-2024-06-R-win32-x86_64\eclipse\plugins\org.eclipse.m2e.maven.runtime_3.9.700.20240602-2313\jars\maven-resolver-transport-file-1.9.20.jar
2025-07-24 20:53:37,126 [Worker-102: Launching Executing clean in D__CDAC MY Project_FreeLance_Hub_backend_MeetYourNeed] INFO  o.eclipse.m2e.core.internal.Bundles - 	Entry: D:\JAVA\softwares\eclipse-jee-2024-06-R-win32-x86_64\eclipse\plugins\org.eclipse.m2e.maven.runtime_3.9.700.20240602-2313\jars\maven-resolver-transport-http-1.9.20.jar
2025-07-24 20:53:37,126 [Worker-102: Launching Executing clean in D__CDAC MY Project_FreeLance_Hub_backend_MeetYourNeed] INFO  o.eclipse.m2e.core.internal.Bundles - 	Entry: D:\JAVA\softwares\eclipse-jee-2024-06-R-win32-x86_64\eclipse\plugins\org.eclipse.m2e.maven.runtime_3.9.700.20240602-2313\jars\maven-resolver-transport-wagon-1.9.20.jar
2025-07-24 20:53:37,126 [Worker-102: Launching Executing clean in D__CDAC MY Project_FreeLance_Hub_backend_MeetYourNeed] INFO  o.eclipse.m2e.core.internal.Bundles - 	Entry: D:\JAVA\softwares\eclipse-jee-2024-06-R-win32-x86_64\eclipse\plugins\org.eclipse.m2e.maven.runtime_3.9.700.20240602-2313\jars\maven-resolver-util-1.9.20.jar
2025-07-24 20:53:37,126 [Worker-102: Launching Executing clean in D__CDAC MY Project_FreeLance_Hub_backend_MeetYourNeed] INFO  o.eclipse.m2e.core.internal.Bundles - 	Entry: D:\JAVA\softwares\eclipse-jee-2024-06-R-win32-x86_64\eclipse\plugins\org.eclipse.m2e.maven.runtime_3.9.700.20240602-2313\jars\maven-settings-3.9.7.jar
2025-07-24 20:53:37,126 [Worker-102: Launching Executing clean in D__CDAC MY Project_FreeLance_Hub_backend_MeetYourNeed] INFO  o.eclipse.m2e.core.internal.Bundles - 	Entry: D:\JAVA\softwares\eclipse-jee-2024-06-R-win32-x86_64\eclipse\plugins\org.eclipse.m2e.maven.runtime_3.9.700.20240602-2313\jars\maven-settings-builder-3.9.7.jar
2025-07-24 20:53:37,126 [Worker-102: Launching Executing clean in D__CDAC MY Project_FreeLance_Hub_backend_MeetYourNeed] INFO  o.eclipse.m2e.core.internal.Bundles - 	Entry: D:\JAVA\softwares\eclipse-jee-2024-06-R-win32-x86_64\eclipse\plugins\org.eclipse.m2e.maven.runtime_3.9.700.20240602-2313\jars\maven-shared-utils-3.4.2.jar
2025-07-24 20:53:37,126 [Worker-102: Launching Executing clean in D__CDAC MY Project_FreeLance_Hub_backend_MeetYourNeed] INFO  o.eclipse.m2e.core.internal.Bundles - 	Entry: D:\JAVA\softwares\eclipse-jee-2024-06-R-win32-x86_64\eclipse\plugins\org.eclipse.m2e.maven.runtime_3.9.700.20240602-2313\jars\org.eclipse.sisu.inject-0.9.0.M2.jar
2025-07-24 20:53:37,127 [Worker-102: Launching Executing clean in D__CDAC MY Project_FreeLance_Hub_backend_MeetYourNeed] INFO  o.eclipse.m2e.core.internal.Bundles - 	Entry: D:\JAVA\softwares\eclipse-jee-2024-06-R-win32-x86_64\eclipse\plugins\org.eclipse.m2e.maven.runtime_3.9.700.20240602-2313\jars\org.eclipse.sisu.plexus-0.9.0.M2.jar
2025-07-24 20:53:37,127 [Worker-102: Launching Executing clean in D__CDAC MY Project_FreeLance_Hub_backend_MeetYourNeed] INFO  o.eclipse.m2e.core.internal.Bundles - 	Entry: D:\JAVA\softwares\eclipse-jee-2024-06-R-win32-x86_64\eclipse\plugins\org.eclipse.m2e.maven.runtime_3.9.700.20240602-2313\jars\plexus-build-api-0.0.7.jar
2025-07-24 20:53:37,127 [Worker-102: Launching Executing clean in D__CDAC MY Project_FreeLance_Hub_backend_MeetYourNeed] INFO  o.eclipse.m2e.core.internal.Bundles - 	Entry: D:\JAVA\softwares\eclipse-jee-2024-06-R-win32-x86_64\eclipse\plugins\org.eclipse.m2e.maven.runtime_3.9.700.20240602-2313\jars\plexus-build-api-1.2.0.jar
2025-07-24 20:53:37,127 [Worker-102: Launching Executing clean in D__CDAC MY Project_FreeLance_Hub_backend_MeetYourNeed] INFO  o.eclipse.m2e.core.internal.Bundles - 	Entry: D:\JAVA\softwares\eclipse-jee-2024-06-R-win32-x86_64\eclipse\plugins\org.eclipse.m2e.maven.runtime_3.9.700.20240602-2313\jars\plexus-cipher-2.0.jar
2025-07-24 20:53:37,127 [Worker-102: Launching Executing clean in D__CDAC MY Project_FreeLance_Hub_backend_MeetYourNeed] INFO  o.eclipse.m2e.core.internal.Bundles - 	Entry: D:\JAVA\softwares\eclipse-jee-2024-06-R-win32-x86_64\eclipse\plugins\org.eclipse.m2e.maven.runtime_3.9.700.20240602-2313\jars\plexus-classworlds-2.8.0.jar
2025-07-24 20:53:37,127 [Worker-102: Launching Executing clean in D__CDAC MY Project_FreeLance_Hub_backend_MeetYourNeed] INFO  o.eclipse.m2e.core.internal.Bundles - 	Entry: D:\JAVA\softwares\eclipse-jee-2024-06-R-win32-x86_64\eclipse\plugins\org.eclipse.m2e.maven.runtime_3.9.700.20240602-2313\jars\plexus-component-annotations-2.1.0.jar
2025-07-24 20:53:37,127 [Worker-102: Launching Executing clean in D__CDAC MY Project_FreeLance_Hub_backend_MeetYourNeed] INFO  o.eclipse.m2e.core.internal.Bundles - 	Entry: D:\JAVA\softwares\eclipse-jee-2024-06-R-win32-x86_64\eclipse\plugins\org.eclipse.m2e.maven.runtime_3.9.700.20240602-2313\jars\plexus-interpolation-1.27.jar
2025-07-24 20:53:37,127 [Worker-102: Launching Executing clean in D__CDAC MY Project_FreeLance_Hub_backend_MeetYourNeed] INFO  o.eclipse.m2e.core.internal.Bundles - 	Entry: D:\JAVA\softwares\eclipse-jee-2024-06-R-win32-x86_64\eclipse\plugins\org.eclipse.m2e.maven.runtime_3.9.700.20240602-2313\jars\plexus-sec-dispatcher-2.0.jar
2025-07-24 20:53:37,127 [Worker-102: Launching Executing clean in D__CDAC MY Project_FreeLance_Hub_backend_MeetYourNeed] INFO  o.eclipse.m2e.core.internal.Bundles - 	Entry: D:\JAVA\softwares\eclipse-jee-2024-06-R-win32-x86_64\eclipse\plugins\org.eclipse.m2e.maven.runtime_3.9.700.20240602-2313\jars\plexus-utils-3.5.1.jar
2025-07-24 20:53:37,127 [Worker-102: Launching Executing clean in D__CDAC MY Project_FreeLance_Hub_backend_MeetYourNeed] INFO  o.eclipse.m2e.core.internal.Bundles - 	Entry: D:\JAVA\softwares\eclipse-jee-2024-06-R-win32-x86_64\eclipse\plugins\org.eclipse.m2e.maven.runtime_3.9.700.20240602-2313\jars\wagon-file-3.5.3.jar
2025-07-24 20:53:37,127 [Worker-102: Launching Executing clean in D__CDAC MY Project_FreeLance_Hub_backend_MeetYourNeed] INFO  o.eclipse.m2e.core.internal.Bundles - 	Entry: D:\JAVA\softwares\eclipse-jee-2024-06-R-win32-x86_64\eclipse\plugins\org.eclipse.m2e.maven.runtime_3.9.700.20240602-2313\jars\wagon-http-3.5.3.jar
2025-07-24 20:53:37,127 [Worker-102: Launching Executing clean in D__CDAC MY Project_FreeLance_Hub_backend_MeetYourNeed] INFO  o.eclipse.m2e.core.internal.Bundles - 	Entry: D:\JAVA\softwares\eclipse-jee-2024-06-R-win32-x86_64\eclipse\plugins\org.eclipse.m2e.maven.runtime_3.9.700.20240602-2313\jars\wagon-http-shared-3.5.3.jar
2025-07-24 20:53:37,127 [Worker-102: Launching Executing clean in D__CDAC MY Project_FreeLance_Hub_backend_MeetYourNeed] INFO  o.eclipse.m2e.core.internal.Bundles - 	Entry: D:\JAVA\softwares\eclipse-jee-2024-06-R-win32-x86_64\eclipse\plugins\org.eclipse.m2e.maven.runtime_3.9.700.20240602-2313\jars\wagon-provider-api-3.5.3.jar
2025-07-24 20:53:37,128 [Worker-102: Launching Executing clean in D__CDAC MY Project_FreeLance_Hub_backend_MeetYourNeed] INFO  o.eclipse.m2e.core.internal.Bundles - getClasspathEntries(Bundle=com.google.guava_33.4.8.jre [1033])
2025-07-24 20:53:37,128 [Worker-102: Launching Executing clean in D__CDAC MY Project_FreeLance_Hub_backend_MeetYourNeed] INFO  o.eclipse.m2e.core.internal.Bundles - 	Entry: D:\JAVA\softwares\eclipse-jee-2024-06-R-win32-x86_64\eclipse\plugins\com.google.guava_33.4.8.jre.jar
2025-07-24 20:53:37,128 [Worker-102: Launching Executing clean in D__CDAC MY Project_FreeLance_Hub_backend_MeetYourNeed] INFO  o.eclipse.m2e.core.internal.Bundles - getClasspathEntries(Bundle=slf4j.api_2.0.17 [1118])
2025-07-24 20:53:37,128 [Worker-102: Launching Executing clean in D__CDAC MY Project_FreeLance_Hub_backend_MeetYourNeed] INFO  o.eclipse.m2e.core.internal.Bundles - 	Entry: D:\JAVA\softwares\eclipse-jee-2024-06-R-win32-x86_64\eclipse\plugins\slf4j.api_2.0.17.jar
2025-07-24 20:53:37,128 [Worker-102: Launching Executing clean in D__CDAC MY Project_FreeLance_Hub_backend_MeetYourNeed] INFO  o.eclipse.m2e.core.internal.Bundles - getClasspathEntries(Bundle=jakarta.inject.jakarta.inject-api_1.0.5 [33])
2025-07-24 20:53:37,128 [Worker-102: Launching Executing clean in D__CDAC MY Project_FreeLance_Hub_backend_MeetYourNeed] INFO  o.eclipse.m2e.core.internal.Bundles - 	Entry: D:\JAVA\softwares\eclipse-jee-2024-06-R-win32-x86_64\eclipse\plugins\jakarta.inject.jakarta.inject-api_1.0.5.jar
2025-07-24 20:53:37,128 [Worker-102: Launching Executing clean in D__CDAC MY Project_FreeLance_Hub_backend_MeetYourNeed] INFO  o.eclipse.m2e.core.internal.Bundles - getClasspathEntries(Bundle=javax.annotation_1.3.5.v20200909-1856 [44])
2025-07-24 20:53:37,128 [Worker-102: Launching Executing clean in D__CDAC MY Project_FreeLance_Hub_backend_MeetYourNeed] INFO  o.eclipse.m2e.core.internal.Bundles - 	Entry: D:\JAVA\softwares\eclipse-jee-2024-06-R-win32-x86_64\eclipse\plugins\javax.annotation_1.3.5.v20200909-1856.jar
2025-07-24 20:53:37,128 [Worker-102: Launching Executing clean in D__CDAC MY Project_FreeLance_Hub_backend_MeetYourNeed] INFO  o.eclipse.m2e.core.internal.Bundles - getClasspathEntries(Bundle=org.apache.commons.cli_1.9.0 [1048])
2025-07-24 20:53:37,128 [Worker-102: Launching Executing clean in D__CDAC MY Project_FreeLance_Hub_backend_MeetYourNeed] INFO  o.eclipse.m2e.core.internal.Bundles - 	Entry: D:\JAVA\softwares\eclipse-jee-2024-06-R-win32-x86_64\eclipse\plugins\org.apache.commons.cli_1.9.0.jar
2025-07-24 20:53:37,128 [Worker-102: Launching Executing clean in D__CDAC MY Project_FreeLance_Hub_backend_MeetYourNeed] INFO  o.eclipse.m2e.core.internal.Bundles - getClasspathEntries(Bundle=org.apache.commons.commons-codec_1.16.0 [81])
2025-07-24 20:53:37,128 [Worker-102: Launching Executing clean in D__CDAC MY Project_FreeLance_Hub_backend_MeetYourNeed] INFO  o.eclipse.m2e.core.internal.Bundles - 	Entry: D:\JAVA\softwares\eclipse-jee-2024-06-R-win32-x86_64\eclipse\plugins\org.apache.commons.commons-codec_1.16.0.jar
2025-07-24 20:53:37,128 [Worker-102: Launching Executing clean in D__CDAC MY Project_FreeLance_Hub_backend_MeetYourNeed] INFO  o.eclipse.m2e.core.internal.Bundles - getClasspathEntries(Bundle=org.apache.commons.lang3_3.17.0 [1051])
2025-07-24 20:53:37,128 [Worker-102: Launching Executing clean in D__CDAC MY Project_FreeLance_Hub_backend_MeetYourNeed] INFO  o.eclipse.m2e.core.internal.Bundles - 	Entry: D:\JAVA\softwares\eclipse-jee-2024-06-R-win32-x86_64\eclipse\plugins\org.apache.commons.lang3_3.17.0.jar
2025-07-24 20:53:37,128 [Worker-102: Launching Executing clean in D__CDAC MY Project_FreeLance_Hub_backend_MeetYourNeed] INFO  o.eclipse.m2e.core.internal.Bundles - getClasspathEntries(Bundle=com.google.guava.failureaccess_1.0.3 [1034])
2025-07-24 20:53:37,130 [Worker-102: Launching Executing clean in D__CDAC MY Project_FreeLance_Hub_backend_MeetYourNeed] INFO  o.eclipse.m2e.core.internal.Bundles - 	Entry: D:\JAVA\softwares\eclipse-jee-2024-06-R-win32-x86_64\eclipse\plugins\com.google.guava.failureaccess_1.0.3.jar
2025-07-24 20:53:37,131 [Worker-102: Launching Executing clean in D__CDAC MY Project_FreeLance_Hub_backend_MeetYourNeed] INFO  o.e.m.i.launch.MavenLaunchDelegate - Run build in "D:\CDAC MY Project\FreeLance_Hub\backend\MeetYourNeed":
2025-07-24 20:53:37,132 [Worker-102: Launching Executing clean in D__CDAC MY Project_FreeLance_Hub_backend_MeetYourNeed] INFO  o.e.m.i.launch.MavenLaunchDelegate -  mvn  -Ppom.xml -B -Dstyle.color=always clean
2025-07-24 20:53:42,940 [Worker-104: Building] INFO  o.a.m.s.f.DefaultMavenResourcesFiltering - Copying 1 resource from src\main\resources to target\classes
2025-07-24 20:53:42,949 [Worker-104: Building] INFO  o.a.m.s.f.DefaultMavenResourcesFiltering - Copying 0 resource from src\main\resources to target\classes
2025-07-24 20:53:42,951 [Worker-104: Building] INFO  o.a.m.s.f.DefaultMavenResourcesFiltering - skip non existing resourceDirectory D:\CDAC MY Project\FreeLance_Hub\backend\MeetYourNeed\src\test\resources
2025-07-24 20:53:42,951 [Worker-104: Building] INFO  o.e.m.w.i.f.ResourceFilteringBuildParticipant - Changed resources require a complete clean of filtered resources of MeetYourNeed
2025-07-24 20:53:42,952 [Worker-104: Building] INFO  o.e.m.w.i.f.ResourceFilteringBuildParticipant - Executing resource filtering for MeetYourNeed
2025-07-24 20:57:33,649 [Worker-107: Building] INFO  o.a.m.s.f.DefaultMavenResourcesFiltering - Copying 1 resource from src\main\resources to target\classes
2025-07-24 20:57:33,654 [Worker-107: Building] INFO  o.a.m.s.f.DefaultMavenResourcesFiltering - Copying 0 resource from src\main\resources to target\classes
2025-07-24 20:57:33,656 [Worker-107: Building] INFO  o.a.m.s.f.DefaultMavenResourcesFiltering - skip non existing resourceDirectory D:\CDAC MY Project\FreeLance_Hub\backend\MeetYourNeed\src\test\resources
2025-07-24 20:58:44,851 [Worker-95: Building] INFO  o.a.m.s.f.DefaultMavenResourcesFiltering - Copying 1 resource from src\main\resources to target\classes
2025-07-24 20:58:44,853 [Worker-95: Building] INFO  o.a.m.s.f.DefaultMavenResourcesFiltering - Copying 0 resource from src\main\resources to target\classes
2025-07-24 20:58:44,855 [Worker-95: Building] INFO  o.a.m.s.f.DefaultMavenResourcesFiltering - skip non existing resourceDirectory D:\CDAC MY Project\FreeLance_Hub\backend\MeetYourNeed\src\test\resources
2025-07-24 21:05:25,300 [Worker-109: Building] INFO  o.a.m.s.f.DefaultMavenResourcesFiltering - Copying 1 resource from src\main\resources to target\classes
2025-07-24 21:05:25,303 [Worker-109: Building] INFO  o.a.m.s.f.DefaultMavenResourcesFiltering - Copying 0 resource from src\main\resources to target\classes
2025-07-24 21:05:25,304 [Worker-109: Building] INFO  o.a.m.s.f.DefaultMavenResourcesFiltering - skip non existing resourceDirectory D:\CDAC MY Project\FreeLance_Hub\backend\MeetYourNeed\src\test\resources
2025-07-24 21:13:47,934 [Worker-107: Building] INFO  o.a.m.s.f.DefaultMavenResourcesFiltering - Copying 1 resource from src\main\resources to target\classes
2025-07-24 21:13:47,937 [Worker-107: Building] INFO  o.a.m.s.f.DefaultMavenResourcesFiltering - Copying 0 resource from src\main\resources to target\classes
2025-07-24 21:13:47,938 [Worker-107: Building] INFO  o.a.m.s.f.DefaultMavenResourcesFiltering - skip non existing resourceDirectory D:\CDAC MY Project\FreeLance_Hub\backend\MeetYourNeed\src\test\resources
2025-07-24 23:41:31,633 [Worker-7: Loading available Gradle versions] INFO  o.e.b.c.i.u.g.PublishedGradleVersions - Gradle version information cache is up-to-date. Trying to read.
2025-07-25 00:17:20,232 [Worker-38: Building] INFO  o.a.m.s.f.DefaultMavenResourcesFiltering - Copying 1 resource from src\main\resources to target\classes
2025-07-25 00:17:20,246 [Worker-38: Building] INFO  o.a.m.s.f.DefaultMavenResourcesFiltering - Copying 0 resource from src\main\resources to target\classes
2025-07-25 00:17:20,250 [Worker-38: Building] INFO  o.a.m.s.f.DefaultMavenResourcesFiltering - skip non existing resourceDirectory D:\CDAC MY Project\FreeLance_Hub\backend\MeetYourNeed\src\test\resources
2025-07-25 10:23:25,647 [Worker-7: Loading available Gradle versions] INFO  o.e.b.c.i.u.g.PublishedGradleVersions - Gradle version information cache is up-to-date. Trying to read.
2025-07-25 11:33:15,871 [Worker-7: Loading available Gradle versions] INFO  o.e.b.c.i.u.g.PublishedGradleVersions - Gradle version information cache is out-of-date. Trying to update.
2025-07-25 12:14:32,779 [Worker-31: Building] INFO  o.a.m.s.f.DefaultMavenResourcesFiltering - Copying 1 resource from src\main\resources to target\classes
2025-07-25 12:14:32,819 [Worker-31: Building] INFO  o.a.m.s.f.DefaultMavenResourcesFiltering - Copying 0 resource from src\main\resources to target\classes
2025-07-25 12:14:32,829 [Worker-31: Building] INFO  o.a.m.s.f.DefaultMavenResourcesFiltering - skip non existing resourceDirectory D:\CDAC MY Project\FreeLance_Hub\backend\MeetYourNeed\src\test\resources
2025-07-25 12:14:49,078 [Worker-2: Building] INFO  o.a.m.s.f.DefaultMavenResourcesFiltering - Copying 1 resource from src\main\resources to target\classes
2025-07-25 12:14:49,082 [Worker-2: Building] INFO  o.a.m.s.f.DefaultMavenResourcesFiltering - Copying 0 resource from src\main\resources to target\classes
2025-07-25 12:14:49,084 [Worker-2: Building] INFO  o.a.m.s.f.DefaultMavenResourcesFiltering - skip non existing resourceDirectory D:\CDAC MY Project\FreeLance_Hub\backend\MeetYourNeed\src\test\resources
2025-07-25 12:15:10,733 [Worker-2: Building] INFO  o.a.m.s.f.DefaultMavenResourcesFiltering - Copying 1 resource from src\main\resources to target\classes
2025-07-25 12:15:10,736 [Worker-2: Building] INFO  o.a.m.s.f.DefaultMavenResourcesFiltering - Copying 0 resource from src\main\resources to target\classes
2025-07-25 12:15:10,738 [Worker-2: Building] INFO  o.a.m.s.f.DefaultMavenResourcesFiltering - skip non existing resourceDirectory D:\CDAC MY Project\FreeLance_Hub\backend\MeetYourNeed\src\test\resources
2025-07-25 12:15:21,957 [Worker-32: Building] INFO  o.a.m.s.f.DefaultMavenResourcesFiltering - Copying 1 resource from src\main\resources to target\classes
2025-07-25 12:15:21,959 [Worker-32: Building] INFO  o.a.m.s.f.DefaultMavenResourcesFiltering - Copying 0 resource from src\main\resources to target\classes
2025-07-25 12:15:21,963 [Worker-32: Building] INFO  o.a.m.s.f.DefaultMavenResourcesFiltering - skip non existing resourceDirectory D:\CDAC MY Project\FreeLance_Hub\backend\MeetYourNeed\src\test\resources
2025-07-25 12:15:57,166 [Worker-5: Building] INFO  o.a.m.s.f.DefaultMavenResourcesFiltering - Copying 1 resource from src\main\resources to target\classes
2025-07-25 12:15:57,169 [Worker-5: Building] INFO  o.a.m.s.f.DefaultMavenResourcesFiltering - Copying 0 resource from src\main\resources to target\classes
2025-07-25 12:15:57,172 [Worker-5: Building] INFO  o.a.m.s.f.DefaultMavenResourcesFiltering - skip non existing resourceDirectory D:\CDAC MY Project\FreeLance_Hub\backend\MeetYourNeed\src\test\resources
2025-07-25 12:16:12,700 [Worker-2: Building] INFO  o.a.m.s.f.DefaultMavenResourcesFiltering - Copying 1 resource from src\main\resources to target\classes
2025-07-25 12:16:12,703 [Worker-2: Building] INFO  o.a.m.s.f.DefaultMavenResourcesFiltering - Copying 0 resource from src\main\resources to target\classes
2025-07-25 12:16:12,705 [Worker-2: Building] INFO  o.a.m.s.f.DefaultMavenResourcesFiltering - skip non existing resourceDirectory D:\CDAC MY Project\FreeLance_Hub\backend\MeetYourNeed\src\test\resources
2025-07-25 12:22:52,870 [Worker-35: Building] INFO  o.a.m.s.f.DefaultMavenResourcesFiltering - Copying 1 resource from src\main\resources to target\classes
2025-07-25 12:22:52,876 [Worker-35: Building] INFO  o.a.m.s.f.DefaultMavenResourcesFiltering - Copying 0 resource from src\main\resources to target\classes
2025-07-25 12:22:52,881 [Worker-35: Building] INFO  o.a.m.s.f.DefaultMavenResourcesFiltering - skip non existing resourceDirectory D:\CDAC MY Project\FreeLance_Hub\backend\MeetYourNeed\src\test\resources
2025-07-25 12:23:04,911 [Worker-37: Building] INFO  o.a.m.s.f.DefaultMavenResourcesFiltering - Copying 1 resource from src\main\resources to target\classes
2025-07-25 12:23:04,914 [Worker-37: Building] INFO  o.a.m.s.f.DefaultMavenResourcesFiltering - Copying 0 resource from src\main\resources to target\classes
2025-07-25 12:23:04,917 [Worker-37: Building] INFO  o.a.m.s.f.DefaultMavenResourcesFiltering - skip non existing resourceDirectory D:\CDAC MY Project\FreeLance_Hub\backend\MeetYourNeed\src\test\resources
2025-07-25 12:25:14,181 [Worker-35: Building] INFO  o.a.m.s.f.DefaultMavenResourcesFiltering - Copying 1 resource from src\main\resources to target\classes
2025-07-25 12:25:14,184 [Worker-35: Building] INFO  o.a.m.s.f.DefaultMavenResourcesFiltering - Copying 0 resource from src\main\resources to target\classes
2025-07-25 12:25:14,187 [Worker-35: Building] INFO  o.a.m.s.f.DefaultMavenResourcesFiltering - skip non existing resourceDirectory D:\CDAC MY Project\FreeLance_Hub\backend\MeetYourNeed\src\test\resources
2025-07-25 12:26:40,443 [Worker-37: Building] INFO  o.a.m.s.f.DefaultMavenResourcesFiltering - Copying 1 resource from src\main\resources to target\classes
2025-07-25 12:26:40,448 [Worker-37: Building] INFO  o.a.m.s.f.DefaultMavenResourcesFiltering - Copying 0 resource from src\main\resources to target\classes
2025-07-25 12:26:40,453 [Worker-37: Building] INFO  o.a.m.s.f.DefaultMavenResourcesFiltering - skip non existing resourceDirectory D:\CDAC MY Project\FreeLance_Hub\backend\MeetYourNeed\src\test\resources
2025-07-25 12:26:51,348 [Worker-38: Building] INFO  o.a.m.s.f.DefaultMavenResourcesFiltering - Copying 1 resource from src\main\resources to target\classes
2025-07-25 12:26:51,350 [Worker-38: Building] INFO  o.a.m.s.f.DefaultMavenResourcesFiltering - Copying 0 resource from src\main\resources to target\classes
2025-07-25 12:26:51,353 [Worker-38: Building] INFO  o.a.m.s.f.DefaultMavenResourcesFiltering - skip non existing resourceDirectory D:\CDAC MY Project\FreeLance_Hub\backend\MeetYourNeed\src\test\resources
2025-07-25 12:30:13,307 [Worker-40: Building] INFO  o.a.m.s.f.DefaultMavenResourcesFiltering - Copying 1 resource from src\main\resources to target\classes
2025-07-25 12:30:13,309 [Worker-40: Building] INFO  o.a.m.s.f.DefaultMavenResourcesFiltering - Copying 0 resource from src\main\resources to target\classes
2025-07-25 12:30:13,311 [Worker-40: Building] INFO  o.a.m.s.f.DefaultMavenResourcesFiltering - skip non existing resourceDirectory D:\CDAC MY Project\FreeLance_Hub\backend\MeetYourNeed\src\test\resources
2025-07-25 12:30:26,263 [Worker-41: Building] INFO  o.a.m.s.f.DefaultMavenResourcesFiltering - Copying 1 resource from src\main\resources to target\classes
2025-07-25 12:30:26,265 [Worker-41: Building] INFO  o.a.m.s.f.DefaultMavenResourcesFiltering - Copying 0 resource from src\main\resources to target\classes
2025-07-25 12:30:26,269 [Worker-41: Building] INFO  o.a.m.s.f.DefaultMavenResourcesFiltering - skip non existing resourceDirectory D:\CDAC MY Project\FreeLance_Hub\backend\MeetYourNeed\src\test\resources
2025-07-25 12:31:56,463 [Worker-39: Building] INFO  o.a.m.s.f.DefaultMavenResourcesFiltering - Copying 1 resource from src\main\resources to target\classes
2025-07-25 12:31:56,465 [Worker-39: Building] INFO  o.a.m.s.f.DefaultMavenResourcesFiltering - Copying 0 resource from src\main\resources to target\classes
2025-07-25 12:31:56,468 [Worker-39: Building] INFO  o.a.m.s.f.DefaultMavenResourcesFiltering - skip non existing resourceDirectory D:\CDAC MY Project\FreeLance_Hub\backend\MeetYourNeed\src\test\resources
2025-07-25 12:32:32,167 [Worker-39: Building] INFO  o.a.m.s.f.DefaultMavenResourcesFiltering - Copying 1 resource from src\main\resources to target\classes
2025-07-25 12:32:32,169 [Worker-39: Building] INFO  o.a.m.s.f.DefaultMavenResourcesFiltering - Copying 0 resource from src\main\resources to target\classes
2025-07-25 12:32:32,172 [Worker-39: Building] INFO  o.a.m.s.f.DefaultMavenResourcesFiltering - skip non existing resourceDirectory D:\CDAC MY Project\FreeLance_Hub\backend\MeetYourNeed\src\test\resources
2025-07-25 12:32:41,679 [Worker-40: Building] INFO  o.a.m.s.f.DefaultMavenResourcesFiltering - Copying 1 resource from src\main\resources to target\classes
2025-07-25 12:32:41,681 [Worker-40: Building] INFO  o.a.m.s.f.DefaultMavenResourcesFiltering - Copying 0 resource from src\main\resources to target\classes
2025-07-25 12:32:41,682 [Worker-40: Building] INFO  o.a.m.s.f.DefaultMavenResourcesFiltering - skip non existing resourceDirectory D:\CDAC MY Project\FreeLance_Hub\backend\MeetYourNeed\src\test\resources
2025-07-25 12:32:59,655 [Worker-40: Building] INFO  o.a.m.s.f.DefaultMavenResourcesFiltering - Copying 1 resource from src\main\resources to target\classes
2025-07-25 12:32:59,657 [Worker-40: Building] INFO  o.a.m.s.f.DefaultMavenResourcesFiltering - Copying 0 resource from src\main\resources to target\classes
2025-07-25 12:32:59,660 [Worker-40: Building] INFO  o.a.m.s.f.DefaultMavenResourcesFiltering - skip non existing resourceDirectory D:\CDAC MY Project\FreeLance_Hub\backend\MeetYourNeed\src\test\resources
2025-07-25 12:33:11,161 [Worker-40: Building] INFO  o.a.m.s.f.DefaultMavenResourcesFiltering - Copying 1 resource from src\main\resources to target\classes
2025-07-25 12:33:11,163 [Worker-40: Building] INFO  o.a.m.s.f.DefaultMavenResourcesFiltering - Copying 0 resource from src\main\resources to target\classes
2025-07-25 12:33:11,165 [Worker-40: Building] INFO  o.a.m.s.f.DefaultMavenResourcesFiltering - skip non existing resourceDirectory D:\CDAC MY Project\FreeLance_Hub\backend\MeetYourNeed\src\test\resources
2025-07-25 12:33:33,345 [Worker-40: Building] INFO  o.a.m.s.f.DefaultMavenResourcesFiltering - Copying 1 resource from src\main\resources to target\classes
2025-07-25 12:33:33,348 [Worker-40: Building] INFO  o.a.m.s.f.DefaultMavenResourcesFiltering - Copying 0 resource from src\main\resources to target\classes
2025-07-25 12:33:33,351 [Worker-40: Building] INFO  o.a.m.s.f.DefaultMavenResourcesFiltering - skip non existing resourceDirectory D:\CDAC MY Project\FreeLance_Hub\backend\MeetYourNeed\src\test\resources
2025-07-25 12:33:42,811 [Worker-43: Building] INFO  o.a.m.s.f.DefaultMavenResourcesFiltering - Copying 1 resource from src\main\resources to target\classes
2025-07-25 12:33:42,813 [Worker-43: Building] INFO  o.a.m.s.f.DefaultMavenResourcesFiltering - Copying 0 resource from src\main\resources to target\classes
2025-07-25 12:33:42,815 [Worker-43: Building] INFO  o.a.m.s.f.DefaultMavenResourcesFiltering - skip non existing resourceDirectory D:\CDAC MY Project\FreeLance_Hub\backend\MeetYourNeed\src\test\resources
2025-07-25 12:34:03,949 [Worker-43: Building] INFO  o.a.m.s.f.DefaultMavenResourcesFiltering - Copying 1 resource from src\main\resources to target\classes
2025-07-25 12:34:03,951 [Worker-43: Building] INFO  o.a.m.s.f.DefaultMavenResourcesFiltering - Copying 0 resource from src\main\resources to target\classes
2025-07-25 12:34:03,954 [Worker-43: Building] INFO  o.a.m.s.f.DefaultMavenResourcesFiltering - skip non existing resourceDirectory D:\CDAC MY Project\FreeLance_Hub\backend\MeetYourNeed\src\test\resources
2025-07-25 12:34:11,864 [Worker-43: Building] INFO  o.a.m.s.f.DefaultMavenResourcesFiltering - Copying 1 resource from src\main\resources to target\classes
2025-07-25 12:34:11,867 [Worker-43: Building] INFO  o.a.m.s.f.DefaultMavenResourcesFiltering - Copying 0 resource from src\main\resources to target\classes
2025-07-25 12:34:11,869 [Worker-43: Building] INFO  o.a.m.s.f.DefaultMavenResourcesFiltering - skip non existing resourceDirectory D:\CDAC MY Project\FreeLance_Hub\backend\MeetYourNeed\src\test\resources
2025-07-25 12:50:58,892 [Worker-41: Building] INFO  o.a.m.s.f.DefaultMavenResourcesFiltering - Copying 1 resource from src\main\resources to target\classes
2025-07-25 12:50:58,897 [Worker-41: Building] INFO  o.a.m.s.f.DefaultMavenResourcesFiltering - Copying 0 resource from src\main\resources to target\classes
2025-07-25 12:50:58,900 [Worker-41: Building] INFO  o.a.m.s.f.DefaultMavenResourcesFiltering - skip non existing resourceDirectory D:\CDAC MY Project\FreeLance_Hub\backend\MeetYourNeed\src\test\resources
2025-07-25 12:58:05,322 [Worker-49: Building] INFO  o.a.m.s.f.DefaultMavenResourcesFiltering - Copying 1 resource from src\main\resources to target\classes
2025-07-25 12:58:05,326 [Worker-49: Building] INFO  o.a.m.s.f.DefaultMavenResourcesFiltering - Copying 0 resource from src\main\resources to target\classes
2025-07-25 12:58:05,329 [Worker-49: Building] INFO  o.a.m.s.f.DefaultMavenResourcesFiltering - skip non existing resourceDirectory D:\CDAC MY Project\FreeLance_Hub\backend\MeetYourNeed\src\test\resources
2025-07-25 13:19:30,316 [Worker-52: Building] INFO  o.a.m.s.f.DefaultMavenResourcesFiltering - Copying 1 resource from src\main\resources to target\classes
2025-07-25 13:19:30,318 [Worker-52: Building] INFO  o.a.m.s.f.DefaultMavenResourcesFiltering - Copying 0 resource from src\main\resources to target\classes
2025-07-25 13:19:30,320 [Worker-52: Building] INFO  o.a.m.s.f.DefaultMavenResourcesFiltering - skip non existing resourceDirectory D:\CDAC MY Project\FreeLance_Hub\backend\MeetYourNeed\src\test\resources
2025-07-25 13:23:26,623 [Worker-44: Building] INFO  o.a.m.s.f.DefaultMavenResourcesFiltering - Copying 1 resource from src\main\resources to target\classes
2025-07-25 13:23:26,626 [Worker-44: Building] INFO  o.a.m.s.f.DefaultMavenResourcesFiltering - Copying 0 resource from src\main\resources to target\classes
2025-07-25 13:23:26,627 [Worker-44: Building] INFO  o.a.m.s.f.DefaultMavenResourcesFiltering - skip non existing resourceDirectory D:\CDAC MY Project\FreeLance_Hub\backend\MeetYourNeed\src\test\resources
2025-07-25 13:43:15,352 [Worker-59: Building] INFO  o.a.m.s.f.DefaultMavenResourcesFiltering - Copying 1 resource from src\main\resources to target\classes
2025-07-25 13:43:15,358 [Worker-59: Building] INFO  o.a.m.s.f.DefaultMavenResourcesFiltering - Copying 0 resource from src\main\resources to target\classes
2025-07-25 13:43:15,366 [Worker-59: Building] INFO  o.a.m.s.f.DefaultMavenResourcesFiltering - skip non existing resourceDirectory D:\CDAC MY Project\FreeLance_Hub\backend\MeetYourNeed\src\test\resources
2025-07-25 15:29:25,924 [Worker-7: Loading available Gradle versions] INFO  o.e.b.c.i.u.g.PublishedGradleVersions - Gradle version information cache is up-to-date. Trying to read.
2025-07-25 16:02:12,409 [Worker-36: Building] INFO  o.a.m.s.f.DefaultMavenResourcesFiltering - Copying 1 resource from src\main\resources to target\classes
2025-07-25 16:02:12,450 [Worker-36: Building] INFO  o.a.m.s.f.DefaultMavenResourcesFiltering - Copying 0 resource from src\main\resources to target\classes
2025-07-25 16:02:12,455 [Worker-36: Building] INFO  o.a.m.s.f.DefaultMavenResourcesFiltering - skip non existing resourceDirectory D:\CDAC MY Project\FreeLance_Hub\backend\MeetYourNeed\src\test\resources
2025-07-25 16:04:42,280 [Worker-33: Building] INFO  o.a.m.s.f.DefaultMavenResourcesFiltering - Copying 1 resource from src\main\resources to target\classes
2025-07-25 16:04:42,290 [Worker-33: Building] INFO  o.a.m.s.f.DefaultMavenResourcesFiltering - Copying 0 resource from src\main\resources to target\classes
2025-07-25 16:04:42,296 [Worker-33: Building] INFO  o.a.m.s.f.DefaultMavenResourcesFiltering - skip non existing resourceDirectory D:\CDAC MY Project\FreeLance_Hub\backend\MeetYourNeed\src\test\resources
2025-07-25 16:04:51,164 [Worker-40: Building] INFO  o.a.m.s.f.DefaultMavenResourcesFiltering - Copying 1 resource from src\main\resources to target\classes
2025-07-25 16:04:51,193 [Worker-40: Building] INFO  o.a.m.s.f.DefaultMavenResourcesFiltering - Copying 0 resource from src\main\resources to target\classes
2025-07-25 16:04:51,194 [Worker-40: Building] INFO  o.a.m.s.f.DefaultMavenResourcesFiltering - skip non existing resourceDirectory D:\CDAC MY Project\FreeLance_Hub\backend\MeetYourNeed\src\test\resources
2025-07-26 11:41:12,572 [Worker-4: Loading available Gradle versions] INFO  o.e.b.c.i.u.g.PublishedGradleVersions - Gradle version information cache is out-of-date. Trying to update.
2025-07-26 11:41:20,808 [Worker-5: Building] INFO  o.e.m.c.i.l.LifecycleMappingFactory - Using org.maven.ide.eclipse.wtp.WarLifecycleMapping lifecycle mapping for MavenProject: com.example:MeetYourNeed:0.0.1-SNAPSHOT @ D:\CDAC MY Project\FreeLance_Hub\backend\MeetYourNeed\pom.xml.
2025-07-26 11:41:23,114 [Worker-5: Building] INFO  o.a.m.s.f.DefaultMavenResourcesFiltering - Copying 1 resource from src\main\resources to target\classes
2025-07-26 11:41:23,147 [Worker-5: Building] INFO  o.a.m.s.f.DefaultMavenResourcesFiltering - Copying 0 resource from src\main\resources to target\classes
2025-07-26 11:41:23,155 [Worker-5: Building] INFO  o.a.m.s.f.DefaultMavenResourcesFiltering - skip non existing resourceDirectory D:\CDAC MY Project\FreeLance_Hub\backend\MeetYourNeed\src\test\resources
2025-07-26 11:41:23,163 [Worker-5: Building] INFO  o.e.m.w.i.f.ResourceFilteringBuildParticipant - Changed resources require a complete clean of filtered resources of MeetYourNeed
2025-07-26 11:41:23,164 [Worker-5: Building] INFO  o.e.m.w.i.f.ResourceFilteringBuildParticipant - Executing resource filtering for MeetYourNeed
2025-07-26 11:49:12,319 [Worker-4: Loading available Gradle versions] INFO  o.e.b.c.i.u.g.PublishedGradleVersions - Gradle version information cache is up-to-date. Trying to read.
2025-07-26 12:23:08,122 [Worker-4: Loading available Gradle versions] INFO  o.e.b.c.i.u.g.PublishedGradleVersions - Gradle version information cache is up-to-date. Trying to read.
2025-07-26 12:23:52,023 [Worker-4: Loading available Gradle versions] INFO  o.e.b.c.i.u.g.PublishedGradleVersions - Gradle version information cache is up-to-date. Trying to read.
2025-07-26 23:11:50,973 [Worker-6: Loading available Gradle versions] INFO  o.e.b.c.i.u.g.PublishedGradleVersions - Gradle version information cache is up-to-date. Trying to read.
